2018-01-04 15:05:06,176 [main] INFO  org.mule.module.launcher.application.DefaultMuleApplication - 
++++++++++++++++++++++++++++++++++++++++++++++++++++++++++++
+ Initializing app 'simple-soap-consume'                   +
++++++++++++++++++++++++++++++++++++++++++++++++++++++++++++
2018-01-04 15:05:06,626 [main] INFO  org.mule.lifecycle.AbstractLifecycleManager - Initialising RegistryBroker
2018-01-04 15:05:06,901 [main] INFO  org.mule.module.extension.internal.manager.DefaultExtensionManager - Starting discovery of extensions
2018-01-04 15:05:07,188 [main] INFO  org.mule.module.extension.internal.manager.DefaultExtensionManager - Discovered 1 extensions
2018-01-04 15:05:07,188 [main] INFO  org.mule.module.extension.internal.manager.DefaultExtensionManager - Registering extension validation (version 3.8)
2018-01-04 15:05:07,411 [main] INFO  org.mule.config.spring.MuleArtifactContext - Refreshing org.mule.config.spring.MuleArtifactContext@3d6300e8: startup date [Thu Jan 04 15:05:07 IST 2018]; root of context hierarchy
2018-01-04 15:05:10,431 [main] INFO  org.mule.config.spring.processors.NoDevkitInjectorProcessor - JSR-330 'javax.inject.Inject' annotation found and supported for autowiring
2018-01-04 15:05:12,056 [main] WARN  org.mule.module.ognl.expression.OgnlExpressionEvaluator - OGNL module is deprecated and will be removed in Mule 4.0. Use MEL expressions instead.
2018-01-04 15:05:13,158 [main] INFO  org.mule.util.journal.TransactionJournal - Using files for tx logs C:\Users\M1042933\AnypointStudio\workspace\.mule\.\.mule\simple-soap-consume\queue-tx-log\tx1.log and C:\Users\M1042933\AnypointStudio\workspace\.mule\.\.mule\simple-soap-consume\queue-tx-log\tx2.log
2018-01-04 15:05:13,180 [main] INFO  org.mule.util.journal.TransactionJournal - Using files for tx logs C:\Users\M1042933\AnypointStudio\workspace\.mule\.\.mule\simple-soap-consume\queue-xa-tx-log\tx1.log and C:\Users\M1042933\AnypointStudio\workspace\.mule\.\.mule\simple-soap-consume\queue-xa-tx-log\tx2.log
2018-01-04 15:05:13,387 [main] INFO  org.mule.lifecycle.AbstractLifecycleManager - Initialising model: _muleSystemModel
2018-01-04 15:05:13,395 [main] INFO  org.mule.construct.FlowConstructLifecycleManager - Initialising flow: simple-soap-consumeFlow
2018-01-04 15:05:13,395 [main] INFO  org.mule.exception.DefaultMessagingExceptionStrategy - Initialising exception listener: org.mule.exception.DefaultMessagingExceptionStrategy@2d0b05
2018-01-04 15:05:13,443 [main] INFO  org.mule.processor.SedaStageLifecycleManager - Initialising service: simple-soap-consumeFlow.stage1
2018-01-04 15:05:13,627 [main] WARN  org.mule.util.xmlsecurity.DefaultXMLSecureFactories - Can't configure XML entity expansion for TransformerFactory (org.apache.xalan.processor.TransformerFactoryImpl), this could introduce XXE and BL vulnerabilities
2018-01-04 15:05:16,644 [main] INFO  org.mule.config.spring.SpringXmlConfigurationBuilder - Configured Mule using "org.mule.config.spring.SpringXmlConfigurationBuilder" with configuration resource(s): "[ConfigResource{resourceName='C:\Users\M1042933\AnypointStudio\workspace\.mule\apps\simple-soap-consume\simple-soap-consume.xml'}]"
2018-01-04 15:05:16,644 [main] INFO  org.mule.config.builders.AutoConfigurationBuilder - Configured Mule using "org.mule.config.builders.AutoConfigurationBuilder" with configuration resource(s): "[ConfigResource{resourceName='C:\Users\M1042933\AnypointStudio\workspace\.mule\apps\simple-soap-consume\simple-soap-consume.xml'}]"
2018-01-04 15:05:19,675 [main] INFO  org.mule.module.launcher.application.DefaultMuleApplication - 
++++++++++++++++++++++++++++++++++++++++++++++++++++++++++++
+ Starting app 'simple-soap-consume'                       +
++++++++++++++++++++++++++++++++++++++++++++++++++++++++++++
2018-01-04 15:05:19,690 [main] INFO  org.mule.util.queue.QueueXaResourceManager - Starting ResourceManager
2018-01-04 15:05:19,690 [main] INFO  org.mule.util.queue.QueueXaResourceManager - Started ResourceManager
2018-01-04 15:05:19,837 [main] INFO  org.mule.module.http.internal.listener.DefaultHttpListenerConfig - Listening for requests on http://0.0.0.0:8099
2018-01-04 15:05:19,845 [main] INFO  org.mule.modules.oauth2.provider.agents.DefaultSplashScreenAgent - 
++++++++++++++++++++++++++++++++++++++++++++++++++++++++++++++++++++++++++++++++
+ DevKit Extensions (0) used in this application 
                             +
++++++++++++++++++++++++++++++++++++++++++++++++++++++++++++++++++++++++++++++++
2018-01-04 15:05:19,849 [main] INFO  org.mule.lifecycle.AbstractLifecycleManager - Starting model: _muleSystemModel
2018-01-04 15:05:19,849 [main] INFO  org.mule.construct.FlowConstructLifecycleManager - Starting flow: simple-soap-consumeFlow
2018-01-04 15:05:19,849 [main] INFO  org.mule.processor.SedaStageLifecycleManager - Starting service: simple-soap-consumeFlow.stage1
2018-01-04 15:05:19,921 [main] INFO  org.mule.module.management.agent.WrapperManagerAgent - This JVM hasn't been launched by the wrapper, the agent will not run.
2018-01-04 15:05:19,973 [main] INFO  org.mule.DefaultMuleContext - 
**********************************************************************
* Application: simple-soap-consume                                   *
* OS encoding: \, Mule encoding: UTF-8                               *
*                                                                    *
* Agents Running:                                                    *
*   Batch module default engine                                      *
*   JMX Agent                                                        *
*   DevKit Extension Information                                     *
*   Wrapper Manager                                                  *
**********************************************************************
2018-01-04 15:06:04,945 [[simple-soap-consume].HTTP_Listener_Configuration.worker.01] INFO  com.mulesoft.weave.mule.utils.MuleWeaveFactory$ - MimeType was not resolved '*/*' delegating to Java.
2018-01-04 15:06:08,402 [[simple-soap-consume].HTTP_Listener_Configuration.worker.01] INFO  org.mule.api.processor.LoggerMessageProcessor - org.mule.module.ws.consumer.NamespaceRestorerXMLStreamReader@3459fc1b
2018-01-04 16:54:15,206 [main] INFO  org.mule.module.launcher.application.DefaultMuleApplication - 
++++++++++++++++++++++++++++++++++++++++++++++++++++++++++++
+ Initializing app 'simple-soap-consume'                   +
++++++++++++++++++++++++++++++++++++++++++++++++++++++++++++
2018-01-04 16:54:15,511 [main] INFO  org.mule.lifecycle.AbstractLifecycleManager - Initialising RegistryBroker
2018-01-04 16:54:15,673 [main] INFO  org.mule.module.extension.internal.manager.DefaultExtensionManager - Starting discovery of extensions
2018-01-04 16:54:15,845 [main] INFO  org.mule.module.extension.internal.manager.DefaultExtensionManager - Discovered 1 extensions
2018-01-04 16:54:15,847 [main] INFO  org.mule.module.extension.internal.manager.DefaultExtensionManager - Registering extension validation (version 3.8)
2018-01-04 16:54:15,963 [main] INFO  org.mule.config.spring.MuleArtifactContext - Refreshing org.mule.config.spring.MuleArtifactContext@544630b7: startup date [Thu Jan 04 16:54:15 IST 2018]; root of context hierarchy
2018-01-04 16:54:18,057 [main] INFO  org.mule.config.spring.processors.NoDevkitInjectorProcessor - JSR-330 'javax.inject.Inject' annotation found and supported for autowiring
2018-01-04 16:54:19,296 [main] WARN  org.mule.module.ognl.expression.OgnlExpressionEvaluator - OGNL module is deprecated and will be removed in Mule 4.0. Use MEL expressions instead.
2018-01-04 16:54:20,155 [main] INFO  org.mule.util.journal.TransactionJournal - Using files for tx logs C:\Users\M1042933\AnypointStudio\workspace\.mule\.\.mule\simple-soap-consume\queue-tx-log\tx1.log and C:\Users\M1042933\AnypointStudio\workspace\.mule\.\.mule\simple-soap-consume\queue-tx-log\tx2.log
2018-01-04 16:54:20,178 [main] INFO  org.mule.util.journal.TransactionJournal - Using files for tx logs C:\Users\M1042933\AnypointStudio\workspace\.mule\.\.mule\simple-soap-consume\queue-xa-tx-log\tx1.log and C:\Users\M1042933\AnypointStudio\workspace\.mule\.\.mule\simple-soap-consume\queue-xa-tx-log\tx2.log
2018-01-04 16:54:20,330 [main] INFO  org.mule.lifecycle.AbstractLifecycleManager - Initialising model: _muleSystemModel
2018-01-04 16:54:20,335 [main] INFO  org.mule.construct.FlowConstructLifecycleManager - Initialising flow: simple-soap-consumeFlow
2018-01-04 16:54:20,336 [main] INFO  org.mule.exception.DefaultMessagingExceptionStrategy - Initialising exception listener: org.mule.exception.DefaultMessagingExceptionStrategy@2b916808
2018-01-04 16:54:20,372 [main] INFO  org.mule.processor.SedaStageLifecycleManager - Initialising service: simple-soap-consumeFlow.stage1
2018-01-04 16:54:21,434 [main] INFO  org.mule.lifecycle.AbstractLifecycleManager - Disposing RegistryBroker
2018-01-04 16:54:21,437 [main] INFO  org.mule.lifecycle.AbstractLifecycleManager - Disposing model: _muleSystemModel
2018-01-04 16:54:22,018 [main] INFO  org.mule.config.spring.MuleArtifactContext - Closing org.mule.config.spring.MuleArtifactContext@544630b7: startup date [Thu Jan 04 16:54:15 IST 2018]; root of context hierarchy
2018-01-04 16:54:22,131 [main] ERROR org.mule.module.launcher.application.DefaultMuleApplication - null
java.net.ConnectException: Connection refused: connect
	at java.net.TwoStacksPlainSocketImpl.socketConnect(Native Method) ~[?:1.8.0_102]
	at java.net.AbstractPlainSocketImpl.doConnect(Unknown Source) ~[?:1.8.0_102]
	at java.net.AbstractPlainSocketImpl.connectToAddress(Unknown Source) ~[?:1.8.0_102]
	at java.net.AbstractPlainSocketImpl.connect(Unknown Source) ~[?:1.8.0_102]
	at java.net.PlainSocketImpl.connect(Unknown Source) ~[?:1.8.0_102]
	at java.net.SocksSocketImpl.connect(Unknown Source) ~[?:1.8.0_102]
	at java.net.Socket.connect(Unknown Source) ~[?:1.8.0_102]
	at java.net.Socket.connect(Unknown Source) ~[?:1.8.0_102]
	at sun.net.NetworkClient.doConnect(Unknown Source) ~[?:1.8.0_102]
	at sun.net.www.http.HttpClient.openServer(Unknown Source) ~[?:1.8.0_102]
	at sun.net.www.http.HttpClient.openServer(Unknown Source) ~[?:1.8.0_102]
	at sun.net.www.http.HttpClient.<init>(Unknown Source) ~[?:1.8.0_102]
	at sun.net.www.http.HttpClient.New(Unknown Source) ~[?:1.8.0_102]
	at sun.net.www.http.HttpClient.New(Unknown Source) ~[?:1.8.0_102]
	at sun.net.www.protocol.http.HttpURLConnection.getNewHttpClient(Unknown Source) ~[?:1.8.0_102]
	at sun.net.www.protocol.http.HttpURLConnection.plainConnect0(Unknown Source) ~[?:1.8.0_102]
	at sun.net.www.protocol.http.HttpURLConnection.plainConnect(Unknown Source) ~[?:1.8.0_102]
	at sun.net.www.protocol.http.HttpURLConnection.connect(Unknown Source) ~[?:1.8.0_102]
	at sun.net.www.protocol.http.HttpURLConnection.getInputStream0(Unknown Source) ~[?:1.8.0_102]
	at sun.net.www.protocol.http.HttpURLConnection.getInputStream(Unknown Source) ~[?:1.8.0_102]
	at org.mule.module.ws.consumer.URLRetrieverStrategy.retrieveWsdlResource(URLRetrieverStrategy.java:46) ~[mule-module-ws-3.8.5.jar:3.8.5]
	at org.mule.module.ws.consumer.MuleWSDLLocator.getStreamFrom(MuleWSDLLocator.java:182) ~[mule-module-ws-3.8.5.jar:3.8.5]
	at org.mule.module.ws.consumer.MuleWSDLLocator.getInputSource(MuleWSDLLocator.java:117) ~[mule-module-ws-3.8.5.jar:3.8.5]
	at org.mule.module.ws.consumer.MuleWSDLLocator.getBaseInputSource(MuleWSDLLocator.java:68) ~[mule-module-ws-3.8.5.jar:3.8.5]
	at com.ibm.wsdl.xml.WSDLReaderImpl.readWSDL(WSDLReaderImpl.java:2403) ~[wsdl4j-1.6.3.jar:1.6.3]
	at org.mule.module.ws.consumer.WSConsumer.parseWsdl(WSConsumer.java:402) ~[mule-module-ws-3.8.5.jar:3.8.5]
	at org.mule.module.ws.consumer.WSConsumer.initialise(WSConsumer.java:92) ~[mule-module-ws-3.8.5.jar:3.8.5]
	at org.mule.processor.chain.AbstractMessageProcessorChain.initialise(AbstractMessageProcessorChain.java:87) ~[mule-core-3.8.5.jar:3.8.5]
	at org.mule.construct.AbstractFlowConstruct.initialiseIfInitialisable(AbstractFlowConstruct.java:317) ~[mule-core-3.8.5.jar:3.8.5]
	at org.mule.construct.AbstractPipeline.doInitialise(AbstractPipeline.java:242) ~[mule-core-3.8.5.jar:3.8.5]
	at org.mule.construct.Flow.doInitialise(Flow.java:75) ~[mule-core-3.8.5.jar:3.8.5]
	at org.mule.construct.AbstractFlowConstruct$1.onTransition(AbstractFlowConstruct.java:104) ~[mule-core-3.8.5.jar:3.8.5]
	at org.mule.construct.AbstractFlowConstruct$1.onTransition(AbstractFlowConstruct.java:98) ~[mule-core-3.8.5.jar:3.8.5]
	at org.mule.lifecycle.AbstractLifecycleManager.invokePhase(AbstractLifecycleManager.java:138) ~[mule-core-3.8.5.jar:3.8.5]
	at org.mule.construct.FlowConstructLifecycleManager.fireInitialisePhase(FlowConstructLifecycleManager.java:78) ~[mule-core-3.8.5.jar:3.8.5]
	at org.mule.construct.AbstractFlowConstruct.initialise(AbstractFlowConstruct.java:97) ~[mule-core-3.8.5.jar:3.8.5]
	at sun.reflect.GeneratedMethodAccessor11.invoke(Unknown Source) ~[?:?]
	at sun.reflect.DelegatingMethodAccessorImpl.invoke(Unknown Source) ~[?:1.8.0_102]
	at java.lang.reflect.Method.invoke(Unknown Source) ~[?:1.8.0_102]
	at org.mule.lifecycle.phases.DefaultLifecyclePhase.applyLifecycle(DefaultLifecyclePhase.java:237) ~[mule-core-3.8.5.jar:3.8.5]
	at org.mule.lifecycle.phases.MuleContextInitialisePhase.applyLifecycle(MuleContextInitialisePhase.java:71) ~[mule-core-3.8.5.jar:3.8.5]
	at org.mule.lifecycle.RegistryLifecycleCallback.doApplyLifecycle(RegistryLifecycleCallback.java:99) ~[mule-core-3.8.5.jar:3.8.5]
	at org.mule.lifecycle.RegistryLifecycleCallback.onTransition(RegistryLifecycleCallback.java:71) ~[mule-core-3.8.5.jar:3.8.5]
	at org.mule.lifecycle.RegistryLifecycleManager.invokePhase(RegistryLifecycleManager.java:155) ~[mule-core-3.8.5.jar:3.8.5]
	at org.mule.lifecycle.RegistryLifecycleManager.fireLifecycle(RegistryLifecycleManager.java:126) ~[mule-core-3.8.5.jar:3.8.5]
	at org.mule.registry.AbstractRegistry.fireLifecycle(AbstractRegistry.java:146) ~[mule-core-3.8.5.jar:3.8.5]
	at org.mule.registry.AbstractRegistry.initialise(AbstractRegistry.java:116) ~[mule-core-3.8.5.jar:3.8.5]
	at org.mule.config.spring.SpringXmlConfigurationBuilder.createSpringRegistry(SpringXmlConfigurationBuilder.java:177) ~[mule-module-spring-config-3.8.5.jar:3.8.5]
	at org.mule.config.spring.SpringXmlConfigurationBuilder.doConfigure(SpringXmlConfigurationBuilder.java:100) ~[mule-module-spring-config-3.8.5.jar:3.8.5]
	at org.mule.config.builders.AbstractConfigurationBuilder.configure(AbstractConfigurationBuilder.java:43) ~[mule-core-3.8.5.jar:3.8.5]
	at org.mule.config.builders.AbstractResourceConfigurationBuilder.configure(AbstractResourceConfigurationBuilder.java:69) ~[mule-core-3.8.5.jar:3.8.5]
	at org.mule.config.builders.AutoConfigurationBuilder.autoConfigure(AutoConfigurationBuilder.java:102) ~[mule-core-3.8.5.jar:3.8.5]
	at org.mule.config.builders.AutoConfigurationBuilder.doConfigure(AutoConfigurationBuilder.java:54) ~[mule-core-3.8.5.jar:3.8.5]
	at org.mule.config.builders.AbstractConfigurationBuilder.configure(AbstractConfigurationBuilder.java:43) ~[mule-core-3.8.5.jar:3.8.5]
	at org.mule.config.builders.AbstractResourceConfigurationBuilder.configure(AbstractResourceConfigurationBuilder.java:69) ~[mule-core-3.8.5.jar:3.8.5]
	at org.mule.context.DefaultMuleContextFactory$1.configure(DefaultMuleContextFactory.java:89) ~[mule-core-3.8.5.jar:3.8.5]
	at org.mule.context.DefaultMuleContextFactory.doCreateMuleContext(DefaultMuleContextFactory.java:222) ~[mule-core-3.8.5.jar:3.8.5]
	at org.mule.context.DefaultMuleContextFactory.createMuleContext(DefaultMuleContextFactory.java:81) ~[mule-core-3.8.5.jar:3.8.5]
	at org.mule.module.launcher.application.DefaultMuleApplication.init(DefaultMuleApplication.java:203) ~[mule-module-launcher-3.8.5.jar:3.8.5]
	at org.mule.module.launcher.artifact.ArtifactWrapper$2.execute(ArtifactWrapper.java:63) ~[mule-module-launcher-3.8.5.jar:3.8.5]
	at org.mule.module.launcher.artifact.ArtifactWrapper.executeWithinArtifactClassLoader(ArtifactWrapper.java:136) ~[mule-module-launcher-3.8.5.jar:3.8.5]
	at org.mule.module.launcher.artifact.ArtifactWrapper.init(ArtifactWrapper.java:58) ~[mule-module-launcher-3.8.5.jar:3.8.5]
	at org.mule.module.launcher.DefaultArtifactDeployer.deploy(DefaultArtifactDeployer.java:25) ~[mule-module-launcher-3.8.5.jar:3.8.5]
	at org.mule.module.launcher.DefaultArchiveDeployer.deployArtifact(DefaultArchiveDeployer.java:317) ~[mule-module-launcher-3.8.5.jar:3.8.5]
	at org.mule.module.launcher.DefaultArchiveDeployer.deployPackagedArtifact(DefaultArchiveDeployer.java:172) ~[mule-module-launcher-3.8.5.jar:3.8.5]
	at org.mule.module.launcher.DefaultArchiveDeployer.deployPackagedArtifact(DefaultArchiveDeployer.java:261) ~[mule-module-launcher-3.8.5.jar:3.8.5]
	at org.mule.module.launcher.DefaultArchiveDeployer.deployPackagedArtifact(DefaultArchiveDeployer.java:76) ~[mule-module-launcher-3.8.5.jar:3.8.5]
	at org.mule.module.launcher.DeploymentDirectoryWatcher.deployPackedApps(DeploymentDirectoryWatcher.java:279) ~[mule-module-launcher-3.8.5.jar:3.8.5]
	at org.mule.module.launcher.DeploymentDirectoryWatcher.start(DeploymentDirectoryWatcher.java:151) ~[mule-module-launcher-3.8.5.jar:3.8.5]
	at org.mule.module.launcher.MuleDeploymentService.start(MuleDeploymentService.java:134) ~[mule-module-launcher-3.8.5.jar:3.8.5]
	at org.mule.module.launcher.MuleContainer.start(MuleContainer.java:172) ~[mule-module-launcher-3.8.5.jar:3.8.5]
	at sun.reflect.NativeMethodAccessorImpl.invoke0(Native Method) ~[?:1.8.0_102]
	at sun.reflect.NativeMethodAccessorImpl.invoke(Unknown Source) ~[?:1.8.0_102]
	at sun.reflect.DelegatingMethodAccessorImpl.invoke(Unknown Source) ~[?:1.8.0_102]
	at java.lang.reflect.Method.invoke(Unknown Source) ~[?:1.8.0_102]
	at org.mule.tooling.server.application.ApplicationDeployer.main(ApplicationDeployer.java:33) ~[tooling-support-3.8.5.jar:?]
2018-01-04 16:54:22,132 [main] INFO  org.mule.module.launcher.application.DefaultMuleApplication - App 'simple-soap-consume' never started, nothing to dispose of
