2018-01-04 15:00:10,827 [main] INFO  org.mule.module.launcher.application.DefaultMuleApplication - 
++++++++++++++++++++++++++++++++++++++++++++++++++++++++++++
+ Initializing app 'simple-soap'                           +
++++++++++++++++++++++++++++++++++++++++++++++++++++++++++++
2018-01-04 15:00:11,286 [main] INFO  org.mule.lifecycle.AbstractLifecycleManager - Initialising RegistryBroker
2018-01-04 15:00:11,558 [main] INFO  org.mule.module.extension.internal.manager.DefaultExtensionManager - Starting discovery of extensions
2018-01-04 15:00:11,774 [main] INFO  org.mule.module.extension.internal.manager.DefaultExtensionManager - Discovered 1 extensions
2018-01-04 15:00:11,778 [main] INFO  org.mule.module.extension.internal.manager.DefaultExtensionManager - Registering extension validation (version 3.8)
2018-01-04 15:00:11,930 [main] INFO  org.mule.config.spring.MuleArtifactContext - Refreshing org.mule.config.spring.MuleArtifactContext@3d6300e8: startup date [Thu Jan 04 15:00:11 IST 2018]; root of context hierarchy
2018-01-04 15:00:15,025 [main] INFO  org.mule.config.spring.processors.NoDevkitInjectorProcessor - JSR-330 'javax.inject.Inject' annotation found and supported for autowiring
2018-01-04 15:00:16,652 [main] WARN  org.mule.module.ognl.expression.OgnlExpressionEvaluator - OGNL module is deprecated and will be removed in Mule 4.0. Use MEL expressions instead.
2018-01-04 15:00:17,830 [main] INFO  org.mule.util.journal.TransactionJournal - Using files for tx logs C:\Users\M1042933\AnypointStudio\workspace\.mule\.\.mule\simple-soap\queue-tx-log\tx1.log and C:\Users\M1042933\AnypointStudio\workspace\.mule\.\.mule\simple-soap\queue-tx-log\tx2.log
2018-01-04 15:00:17,873 [main] INFO  org.mule.util.journal.TransactionJournal - Using files for tx logs C:\Users\M1042933\AnypointStudio\workspace\.mule\.\.mule\simple-soap\queue-xa-tx-log\tx1.log and C:\Users\M1042933\AnypointStudio\workspace\.mule\.\.mule\simple-soap\queue-xa-tx-log\tx2.log
2018-01-04 15:00:18,077 [main] INFO  org.mule.lifecycle.AbstractLifecycleManager - Initialising model: _muleSystemModel
2018-01-04 15:00:18,085 [main] INFO  org.mule.construct.FlowConstructLifecycleManager - Initialising flow: simple-soapFlow
2018-01-04 15:00:18,085 [main] INFO  org.mule.exception.DefaultMessagingExceptionStrategy - Initialising exception listener: org.mule.exception.DefaultMessagingExceptionStrategy@1ddc6db2
2018-01-04 15:00:18,141 [main] INFO  org.mule.processor.SedaStageLifecycleManager - Initialising service: simple-soapFlow.stage1
2018-01-04 15:00:18,694 [main] INFO  org.mule.module.cxf.config.WebServiceFactoryBean - Built CXF Inbound MessageProcessor for service class com.main.Hellointerface
2018-01-04 15:00:20,090 [main] INFO  org.mule.component.ComponentLifecycleManager - Initialising component: component.356539350
2018-01-04 15:00:20,754 [main] INFO  org.mule.config.spring.SpringXmlConfigurationBuilder - Configured Mule using "org.mule.config.spring.SpringXmlConfigurationBuilder" with configuration resource(s): "[ConfigResource{resourceName='C:\Users\M1042933\AnypointStudio\workspace\.mule\apps\simple-soap\simple-soap.xml'}]"
2018-01-04 15:00:20,754 [main] INFO  org.mule.config.builders.AutoConfigurationBuilder - Configured Mule using "org.mule.config.builders.AutoConfigurationBuilder" with configuration resource(s): "[ConfigResource{resourceName='C:\Users\M1042933\AnypointStudio\workspace\.mule\apps\simple-soap\simple-soap.xml'}]"
2018-01-04 15:00:23,810 [main] INFO  org.mule.module.launcher.application.DefaultMuleApplication - 
++++++++++++++++++++++++++++++++++++++++++++++++++++++++++++
+ Starting app 'simple-soap'                               +
++++++++++++++++++++++++++++++++++++++++++++++++++++++++++++
2018-01-04 15:00:23,817 [main] INFO  org.mule.util.queue.QueueXaResourceManager - Starting ResourceManager
2018-01-04 15:00:23,817 [main] INFO  org.mule.util.queue.QueueXaResourceManager - Started ResourceManager
2018-01-04 15:00:23,962 [main] INFO  org.mule.module.http.internal.listener.DefaultHttpListenerConfig - Listening for requests on http://0.0.0.0:8081
2018-01-04 15:00:23,970 [main] INFO  org.mule.modules.oauth2.provider.agents.DefaultSplashScreenAgent - 
++++++++++++++++++++++++++++++++++++++++++++++++++++++++++++++++++++++++++++++++
+ DevKit Extensions (0) used in this application 
                             +
++++++++++++++++++++++++++++++++++++++++++++++++++++++++++++++++++++++++++++++++
2018-01-04 15:00:23,970 [main] INFO  org.mule.lifecycle.AbstractLifecycleManager - Starting model: _muleSystemModel
2018-01-04 15:00:23,974 [main] INFO  org.mule.construct.FlowConstructLifecycleManager - Starting flow: simple-soapFlow
2018-01-04 15:00:23,974 [main] INFO  org.mule.processor.SedaStageLifecycleManager - Starting service: simple-soapFlow.stage1
2018-01-04 15:00:23,982 [main] INFO  org.mule.component.ComponentLifecycleManager - Starting component: component.356539350
2018-01-04 15:00:24,082 [main] INFO  org.mule.module.management.agent.WrapperManagerAgent - This JVM hasn't been launched by the wrapper, the agent will not run.
2018-01-04 15:00:24,130 [main] INFO  org.mule.DefaultMuleContext - 
**********************************************************************
* Application: simple-soap                                           *
* OS encoding: \, Mule encoding: UTF-8                               *
*                                                                    *
* Agents Running:                                                    *
*   Batch module default engine                                      *
*   JMX Agent                                                        *
*   DevKit Extension Information                                     *
*   Wrapper Manager                                                  *
**********************************************************************
2018-01-04 15:05:20,157 [main] INFO  org.mule.module.launcher.application.DefaultMuleApplication - 
++++++++++++++++++++++++++++++++++++++++++++++++++++++++++++
+ Initializing app 'simple-soap'                           +
++++++++++++++++++++++++++++++++++++++++++++++++++++++++++++
2018-01-04 15:05:20,157 [main] WARN  com.mulesoft.module.client.APIPlatformClientCoreExtension - Client ID or Client Secret were not provided. API Manager client is DISABLED for app simple-soap-consume
2018-01-04 15:05:20,173 [main] INFO  org.mule.lifecycle.AbstractLifecycleManager - Initialising RegistryBroker
2018-01-04 15:05:20,173 [main] INFO  org.mule.module.extension.internal.manager.DefaultExtensionManager - Starting discovery of extensions
2018-01-04 15:05:20,204 [main] INFO  org.mule.module.extension.internal.manager.DefaultExtensionManager - Discovered 1 extensions
2018-01-04 15:05:20,204 [main] INFO  org.mule.module.extension.internal.manager.DefaultExtensionManager - Registering extension validation (version 3.8)
2018-01-04 15:05:20,220 [main] INFO  org.mule.config.spring.MuleArtifactContext - Refreshing org.mule.config.spring.MuleArtifactContext@1002d192: startup date [Thu Jan 04 15:05:20 IST 2018]; root of context hierarchy
2018-01-04 15:05:20,794 [main] INFO  org.mule.config.spring.processors.NoDevkitInjectorProcessor - JSR-330 'javax.inject.Inject' annotation found and supported for autowiring
2018-01-04 15:05:21,083 [main] INFO  org.mule.util.journal.TransactionJournal - Using files for tx logs C:\Users\M1042933\AnypointStudio\workspace\.mule\.\.mule\simple-soap\queue-tx-log\tx1.log and C:\Users\M1042933\AnypointStudio\workspace\.mule\.\.mule\simple-soap\queue-tx-log\tx2.log
2018-01-04 15:05:21,087 [main] INFO  org.mule.util.journal.TransactionJournal - Using files for tx logs C:\Users\M1042933\AnypointStudio\workspace\.mule\.\.mule\simple-soap\queue-xa-tx-log\tx1.log and C:\Users\M1042933\AnypointStudio\workspace\.mule\.\.mule\simple-soap\queue-xa-tx-log\tx2.log
2018-01-04 15:05:21,107 [main] INFO  org.mule.lifecycle.AbstractLifecycleManager - Initialising model: _muleSystemModel
2018-01-04 15:05:21,111 [main] INFO  org.mule.construct.FlowConstructLifecycleManager - Initialising flow: simple-soapFlow
2018-01-04 15:05:21,111 [main] INFO  org.mule.exception.DefaultMessagingExceptionStrategy - Initialising exception listener: org.mule.exception.DefaultMessagingExceptionStrategy@2e204155
2018-01-04 15:05:21,127 [main] INFO  org.mule.processor.SedaStageLifecycleManager - Initialising service: simple-soapFlow.stage1
2018-01-04 15:05:21,177 [main] INFO  org.mule.module.cxf.config.WebServiceFactoryBean - Built CXF Inbound MessageProcessor for service class com.main.Hellointerface
2018-01-04 15:05:22,101 [main] INFO  org.mule.component.ComponentLifecycleManager - Initialising component: component.693831648
2018-01-04 15:05:22,205 [main] INFO  org.mule.config.spring.SpringXmlConfigurationBuilder - Configured Mule using "org.mule.config.spring.SpringXmlConfigurationBuilder" with configuration resource(s): "[ConfigResource{resourceName='C:\Users\M1042933\AnypointStudio\workspace\.mule\apps\simple-soap\simple-soap.xml'}]"
2018-01-04 15:05:22,205 [main] INFO  org.mule.config.builders.AutoConfigurationBuilder - Configured Mule using "org.mule.config.builders.AutoConfigurationBuilder" with configuration resource(s): "[ConfigResource{resourceName='C:\Users\M1042933\AnypointStudio\workspace\.mule\apps\simple-soap\simple-soap.xml'}]"
2018-01-04 15:05:25,207 [main] INFO  org.mule.module.launcher.application.DefaultMuleApplication - 
++++++++++++++++++++++++++++++++++++++++++++++++++++++++++++
+ Starting app 'simple-soap'                               +
++++++++++++++++++++++++++++++++++++++++++++++++++++++++++++
2018-01-04 15:05:25,215 [main] INFO  org.mule.util.queue.QueueXaResourceManager - Starting ResourceManager
2018-01-04 15:05:25,215 [main] INFO  org.mule.util.queue.QueueXaResourceManager - Started ResourceManager
2018-01-04 15:05:25,286 [main] INFO  org.mule.module.http.internal.listener.DefaultHttpListenerConfig - Listening for requests on http://0.0.0.0:8081
2018-01-04 15:05:25,294 [main] INFO  org.mule.modules.oauth2.provider.agents.DefaultSplashScreenAgent - 
++++++++++++++++++++++++++++++++++++++++++++++++++++++++++++++++++++++++++++++++
+ DevKit Extensions (0) used in this application 
                             +
++++++++++++++++++++++++++++++++++++++++++++++++++++++++++++++++++++++++++++++++
2018-01-04 15:05:25,298 [main] INFO  org.mule.lifecycle.AbstractLifecycleManager - Starting model: _muleSystemModel
2018-01-04 15:05:25,302 [main] INFO  org.mule.construct.FlowConstructLifecycleManager - Starting flow: simple-soapFlow
2018-01-04 15:05:25,302 [main] INFO  org.mule.processor.SedaStageLifecycleManager - Starting service: simple-soapFlow.stage1
2018-01-04 15:05:25,338 [main] INFO  org.mule.component.ComponentLifecycleManager - Starting component: component.693831648
2018-01-04 15:05:25,390 [main] INFO  org.mule.module.management.agent.WrapperManagerAgent - This JVM hasn't been launched by the wrapper, the agent will not run.
2018-01-04 15:05:25,398 [main] INFO  org.mule.DefaultMuleContext - 
**********************************************************************
* Application: simple-soap                                           *
* OS encoding: \, Mule encoding: UTF-8                               *
*                                                                    *
* Agents Running:                                                    *
*   Batch module default engine                                      *
*   JMX Agent                                                        *
*   DevKit Extension Information                                     *
*   Wrapper Manager                                                  *
**********************************************************************
2018-01-04 16:33:05,662 [main] INFO  org.mule.module.launcher.application.DefaultMuleApplication - 
++++++++++++++++++++++++++++++++++++++++++++++++++++++++++++
+ Initializing app 'simple-soap'                           +
++++++++++++++++++++++++++++++++++++++++++++++++++++++++++++
2018-01-04 16:33:06,081 [main] INFO  org.mule.lifecycle.AbstractLifecycleManager - Initialising RegistryBroker
2018-01-04 16:33:06,369 [main] INFO  org.mule.module.extension.internal.manager.DefaultExtensionManager - Starting discovery of extensions
2018-01-04 16:33:06,645 [main] INFO  org.mule.module.extension.internal.manager.DefaultExtensionManager - Discovered 1 extensions
2018-01-04 16:33:06,646 [main] INFO  org.mule.module.extension.internal.manager.DefaultExtensionManager - Registering extension validation (version 3.8)
2018-01-04 16:33:06,788 [main] INFO  org.mule.config.spring.MuleArtifactContext - Refreshing org.mule.config.spring.MuleArtifactContext@3d6300e8: startup date [Thu Jan 04 16:33:06 IST 2018]; root of context hierarchy
2018-01-04 16:33:09,845 [main] INFO  org.mule.config.spring.processors.NoDevkitInjectorProcessor - JSR-330 'javax.inject.Inject' annotation found and supported for autowiring
2018-01-04 16:33:11,474 [main] WARN  org.mule.module.ognl.expression.OgnlExpressionEvaluator - OGNL module is deprecated and will be removed in Mule 4.0. Use MEL expressions instead.
2018-01-04 16:33:12,589 [main] INFO  org.mule.util.journal.TransactionJournal - Using files for tx logs C:\Users\M1042933\AnypointStudio\workspace\.mule\.\.mule\simple-soap\queue-tx-log\tx1.log and C:\Users\M1042933\AnypointStudio\workspace\.mule\.\.mule\simple-soap\queue-tx-log\tx2.log
2018-01-04 16:33:12,631 [main] INFO  org.mule.util.journal.TransactionJournal - Using files for tx logs C:\Users\M1042933\AnypointStudio\workspace\.mule\.\.mule\simple-soap\queue-xa-tx-log\tx1.log and C:\Users\M1042933\AnypointStudio\workspace\.mule\.\.mule\simple-soap\queue-xa-tx-log\tx2.log
2018-01-04 16:33:12,842 [main] INFO  org.mule.lifecycle.AbstractLifecycleManager - Initialising model: _muleSystemModel
2018-01-04 16:33:12,851 [main] INFO  org.mule.construct.FlowConstructLifecycleManager - Initialising flow: simple-soapFlow
2018-01-04 16:33:12,853 [main] INFO  org.mule.exception.DefaultMessagingExceptionStrategy - Initialising exception listener: org.mule.exception.DefaultMessagingExceptionStrategy@1b01a0d
2018-01-04 16:33:12,934 [main] INFO  org.mule.processor.SedaStageLifecycleManager - Initialising service: simple-soapFlow.stage1
2018-01-04 16:33:13,961 [main] INFO  org.mule.module.cxf.config.WebServiceFactoryBean - Built CXF Inbound MessageProcessor for service class com.main.Hellointerface
2018-01-04 16:33:15,208 [main] INFO  org.mule.component.ComponentLifecycleManager - Initialising component: component.356539350
2018-01-04 16:33:15,830 [main] INFO  org.mule.config.spring.SpringXmlConfigurationBuilder - Configured Mule using "org.mule.config.spring.SpringXmlConfigurationBuilder" with configuration resource(s): "[ConfigResource{resourceName='C:\Users\M1042933\AnypointStudio\workspace\.mule\apps\simple-soap\simple-soap.xml'}]"
2018-01-04 16:33:15,831 [main] INFO  org.mule.config.builders.AutoConfigurationBuilder - Configured Mule using "org.mule.config.builders.AutoConfigurationBuilder" with configuration resource(s): "[ConfigResource{resourceName='C:\Users\M1042933\AnypointStudio\workspace\.mule\apps\simple-soap\simple-soap.xml'}]"
2018-01-04 16:33:18,873 [main] INFO  org.mule.module.launcher.application.DefaultMuleApplication - 
++++++++++++++++++++++++++++++++++++++++++++++++++++++++++++
+ Starting app 'simple-soap'                               +
++++++++++++++++++++++++++++++++++++++++++++++++++++++++++++
2018-01-04 16:33:18,878 [main] INFO  org.mule.util.queue.QueueXaResourceManager - Starting ResourceManager
2018-01-04 16:33:18,878 [main] INFO  org.mule.util.queue.QueueXaResourceManager - Started ResourceManager
2018-01-04 16:33:19,015 [main] INFO  org.mule.module.http.internal.listener.DefaultHttpListenerConfig - Listening for requests on http://0.0.0.0:8081
2018-01-04 16:33:19,024 [main] INFO  org.mule.modules.oauth2.provider.agents.DefaultSplashScreenAgent - 
++++++++++++++++++++++++++++++++++++++++++++++++++++++++++++++++++++++++++++++++
+ DevKit Extensions (0) used in this application 
                             +
++++++++++++++++++++++++++++++++++++++++++++++++++++++++++++++++++++++++++++++++
2018-01-04 16:33:19,026 [main] INFO  org.mule.lifecycle.AbstractLifecycleManager - Starting model: _muleSystemModel
2018-01-04 16:33:19,030 [main] INFO  org.mule.construct.FlowConstructLifecycleManager - Starting flow: simple-soapFlow
2018-01-04 16:33:19,031 [main] INFO  org.mule.processor.SedaStageLifecycleManager - Starting service: simple-soapFlow.stage1
2018-01-04 16:33:19,044 [main] INFO  org.mule.component.ComponentLifecycleManager - Starting component: component.356539350
2018-01-04 16:33:19,129 [main] INFO  org.mule.module.management.agent.WrapperManagerAgent - This JVM hasn't been launched by the wrapper, the agent will not run.
2018-01-04 16:33:19,177 [main] INFO  org.mule.DefaultMuleContext - 
**********************************************************************
* Application: simple-soap                                           *
* OS encoding: \, Mule encoding: UTF-8                               *
*                                                                    *
* Agents Running:                                                    *
*   Batch module default engine                                      *
*   JMX Agent                                                        *
*   DevKit Extension Information                                     *
*   Wrapper Manager                                                  *
**********************************************************************
2018-01-04 16:33:28,963 [[simple-soap].HTTP_Listener_Configuration.worker.01] INFO  org.mule.module.http.internal.listener.HttpListenerRegistry - No listener found for request: (GET)/ADD
2018-01-04 16:33:28,964 [[simple-soap].HTTP_Listener_Configuration.worker.01] INFO  org.mule.module.http.internal.listener.HttpListenerRegistry - Available listeners are: [(*)/hello/]
2018-01-04 16:52:16,066 [main] INFO  org.mule.module.launcher.application.DefaultMuleApplication - 
++++++++++++++++++++++++++++++++++++++++++++++++++++++++++++
+ Initializing app 'simple-soap'                           +
++++++++++++++++++++++++++++++++++++++++++++++++++++++++++++
2018-01-04 16:52:16,403 [main] INFO  org.mule.lifecycle.AbstractLifecycleManager - Initialising RegistryBroker
2018-01-04 16:52:16,602 [main] INFO  org.mule.module.extension.internal.manager.DefaultExtensionManager - Starting discovery of extensions
2018-01-04 16:52:16,786 [main] INFO  org.mule.module.extension.internal.manager.DefaultExtensionManager - Discovered 1 extensions
2018-01-04 16:52:16,789 [main] INFO  org.mule.module.extension.internal.manager.DefaultExtensionManager - Registering extension validation (version 3.8)
2018-01-04 16:52:16,916 [main] INFO  org.mule.config.spring.MuleArtifactContext - Refreshing org.mule.config.spring.MuleArtifactContext@3d6300e8: startup date [Thu Jan 04 16:52:16 IST 2018]; root of context hierarchy
2018-01-04 16:52:19,004 [main] INFO  org.mule.config.spring.processors.NoDevkitInjectorProcessor - JSR-330 'javax.inject.Inject' annotation found and supported for autowiring
2018-01-04 16:52:20,245 [main] WARN  org.mule.module.ognl.expression.OgnlExpressionEvaluator - OGNL module is deprecated and will be removed in Mule 4.0. Use MEL expressions instead.
2018-01-04 16:52:21,239 [main] INFO  org.mule.util.journal.TransactionJournal - Using files for tx logs C:\Users\M1042933\AnypointStudio\workspace\.mule\.\.mule\simple-soap\queue-tx-log\tx1.log and C:\Users\M1042933\AnypointStudio\workspace\.mule\.\.mule\simple-soap\queue-tx-log\tx2.log
2018-01-04 16:52:21,262 [main] INFO  org.mule.util.journal.TransactionJournal - Using files for tx logs C:\Users\M1042933\AnypointStudio\workspace\.mule\.\.mule\simple-soap\queue-xa-tx-log\tx1.log and C:\Users\M1042933\AnypointStudio\workspace\.mule\.\.mule\simple-soap\queue-xa-tx-log\tx2.log
2018-01-04 16:52:21,424 [main] INFO  org.mule.lifecycle.AbstractLifecycleManager - Initialising model: _muleSystemModel
2018-01-04 16:52:21,430 [main] INFO  org.mule.construct.FlowConstructLifecycleManager - Initialising flow: simple-soapFlow
2018-01-04 16:52:21,430 [main] INFO  org.mule.exception.DefaultMessagingExceptionStrategy - Initialising exception listener: org.mule.exception.DefaultMessagingExceptionStrategy@1b01a0d
2018-01-04 16:52:21,469 [main] INFO  org.mule.processor.SedaStageLifecycleManager - Initialising service: simple-soapFlow.stage1
2018-01-04 16:52:21,800 [main] INFO  org.mule.module.cxf.config.WebServiceFactoryBean - Built CXF Inbound MessageProcessor for service class com.main.Hellointerface
2018-01-04 16:52:22,799 [main] INFO  org.mule.component.ComponentLifecycleManager - Initialising component: component.356539350
2018-01-04 16:52:23,250 [main] INFO  org.mule.config.spring.SpringXmlConfigurationBuilder - Configured Mule using "org.mule.config.spring.SpringXmlConfigurationBuilder" with configuration resource(s): "[ConfigResource{resourceName='C:\Users\M1042933\AnypointStudio\workspace\.mule\apps\simple-soap\simple-soap.xml'}]"
2018-01-04 16:52:23,250 [main] INFO  org.mule.config.builders.AutoConfigurationBuilder - Configured Mule using "org.mule.config.builders.AutoConfigurationBuilder" with configuration resource(s): "[ConfigResource{resourceName='C:\Users\M1042933\AnypointStudio\workspace\.mule\apps\simple-soap\simple-soap.xml'}]"
2018-01-04 16:52:26,297 [main] INFO  org.mule.module.launcher.application.DefaultMuleApplication - 
++++++++++++++++++++++++++++++++++++++++++++++++++++++++++++
+ Starting app 'simple-soap'                               +
++++++++++++++++++++++++++++++++++++++++++++++++++++++++++++
2018-01-04 16:52:26,306 [main] INFO  org.mule.util.queue.QueueXaResourceManager - Starting ResourceManager
2018-01-04 16:52:26,306 [main] INFO  org.mule.util.queue.QueueXaResourceManager - Started ResourceManager
2018-01-04 16:52:26,378 [main] INFO  org.mule.module.http.internal.listener.DefaultHttpListenerConfig - Listening for requests on http://0.0.0.0:8081
2018-01-04 16:52:26,384 [main] INFO  org.mule.modules.oauth2.provider.agents.DefaultSplashScreenAgent - 
++++++++++++++++++++++++++++++++++++++++++++++++++++++++++++++++++++++++++++++++
+ DevKit Extensions (0) used in this application 
                             +
++++++++++++++++++++++++++++++++++++++++++++++++++++++++++++++++++++++++++++++++
2018-01-04 16:52:26,385 [main] INFO  org.mule.lifecycle.AbstractLifecycleManager - Starting model: _muleSystemModel
2018-01-04 16:52:26,387 [main] INFO  org.mule.construct.FlowConstructLifecycleManager - Starting flow: simple-soapFlow
2018-01-04 16:52:26,388 [main] INFO  org.mule.processor.SedaStageLifecycleManager - Starting service: simple-soapFlow.stage1
2018-01-04 16:52:26,394 [main] INFO  org.mule.component.ComponentLifecycleManager - Starting component: component.356539350
2018-01-04 16:52:26,446 [main] INFO  org.mule.module.management.agent.WrapperManagerAgent - This JVM hasn't been launched by the wrapper, the agent will not run.
2018-01-04 16:52:26,475 [main] INFO  org.mule.DefaultMuleContext - 
**********************************************************************
* Application: simple-soap                                           *
* OS encoding: \, Mule encoding: UTF-8                               *
*                                                                    *
* Agents Running:                                                    *
*   Batch module default engine                                      *
*   JMX Agent                                                        *
*   DevKit Extension Information                                     *
*   Wrapper Manager                                                  *
**********************************************************************
