2018-01-04 14:33:43,607 [main] INFO  org.mule.module.launcher.application.DefaultMuleApplication - 
++++++++++++++++++++++++++++++++++++++++++++++++++++++++++++
+ Initializing app 'soapimplimentation'                    +
++++++++++++++++++++++++++++++++++++++++++++++++++++++++++++
2018-01-04 14:33:43,962 [main] INFO  org.mule.lifecycle.AbstractLifecycleManager - Initialising RegistryBroker
2018-01-04 14:33:44,206 [main] INFO  org.mule.module.extension.internal.manager.DefaultExtensionManager - Starting discovery of extensions
2018-01-04 14:33:44,447 [main] INFO  org.mule.module.extension.internal.manager.DefaultExtensionManager - Discovered 1 extensions
2018-01-04 14:33:44,450 [main] INFO  org.mule.module.extension.internal.manager.DefaultExtensionManager - Registering extension validation (version 3.8)
2018-01-04 14:33:44,609 [main] INFO  org.mule.config.spring.MuleArtifactContext - Refreshing org.mule.config.spring.MuleArtifactContext@3d6300e8: startup date [Thu Jan 04 14:33:44 IST 2018]; root of context hierarchy
2018-01-04 14:33:47,673 [main] INFO  org.mule.config.spring.processors.NoDevkitInjectorProcessor - JSR-330 'javax.inject.Inject' annotation found and supported for autowiring
2018-01-04 14:33:49,308 [main] WARN  org.mule.module.ognl.expression.OgnlExpressionEvaluator - OGNL module is deprecated and will be removed in Mule 4.0. Use MEL expressions instead.
2018-01-04 14:33:50,519 [main] INFO  org.mule.util.journal.TransactionJournal - Using files for tx logs C:\Users\M1042933\AnypointStudio\workspace\.mule\.\.mule\soapimplimentation\queue-tx-log\tx1.log and C:\Users\M1042933\AnypointStudio\workspace\.mule\.\.mule\soapimplimentation\queue-tx-log\tx2.log
2018-01-04 14:33:50,566 [main] INFO  org.mule.util.journal.TransactionJournal - Using files for tx logs C:\Users\M1042933\AnypointStudio\workspace\.mule\.\.mule\soapimplimentation\queue-xa-tx-log\tx1.log and C:\Users\M1042933\AnypointStudio\workspace\.mule\.\.mule\soapimplimentation\queue-xa-tx-log\tx2.log
2018-01-04 14:33:50,754 [main] INFO  org.mule.lifecycle.AbstractLifecycleManager - Initialising model: _muleSystemModel
2018-01-04 14:33:50,760 [main] INFO  org.mule.construct.FlowConstructLifecycleManager - Initialising flow: soapimplimentationFlow
2018-01-04 14:33:50,760 [main] INFO  org.mule.exception.DefaultMessagingExceptionStrategy - Initialising exception listener: org.mule.exception.DefaultMessagingExceptionStrategy@1ddc6db2
2018-01-04 14:33:50,813 [main] INFO  org.mule.processor.SedaStageLifecycleManager - Initialising service: soapimplimentationFlow.stage1
2018-01-04 14:33:51,315 [main] INFO  org.mule.module.cxf.config.WebServiceFactoryBean - Built CXF Inbound MessageProcessor for service class com.main.AddInterface
2018-01-04 14:33:52,816 [main] INFO  org.mule.component.ComponentLifecycleManager - Initialising component: component.356539350
2018-01-04 14:33:53,568 [main] INFO  org.mule.config.spring.SpringXmlConfigurationBuilder - Configured Mule using "org.mule.config.spring.SpringXmlConfigurationBuilder" with configuration resource(s): "[ConfigResource{resourceName='C:\Users\M1042933\AnypointStudio\workspace\.mule\apps\soapimplimentation\soapimplimentation.xml'}]"
2018-01-04 14:33:53,568 [main] INFO  org.mule.config.builders.AutoConfigurationBuilder - Configured Mule using "org.mule.config.builders.AutoConfigurationBuilder" with configuration resource(s): "[ConfigResource{resourceName='C:\Users\M1042933\AnypointStudio\workspace\.mule\apps\soapimplimentation\soapimplimentation.xml'}]"
2018-01-04 14:33:56,622 [main] INFO  org.mule.module.launcher.application.DefaultMuleApplication - 
++++++++++++++++++++++++++++++++++++++++++++++++++++++++++++
+ Starting app 'soapimplimentation'                        +
++++++++++++++++++++++++++++++++++++++++++++++++++++++++++++
2018-01-04 14:33:56,633 [main] INFO  org.mule.util.queue.QueueXaResourceManager - Starting ResourceManager
2018-01-04 14:33:56,633 [main] INFO  org.mule.util.queue.QueueXaResourceManager - Started ResourceManager
2018-01-04 14:33:56,750 [main] INFO  org.mule.module.http.internal.listener.DefaultHttpListenerConfig - Listening for requests on http://0.0.0.0:8081
2018-01-04 14:33:56,762 [main] INFO  org.mule.modules.oauth2.provider.agents.DefaultSplashScreenAgent - 
++++++++++++++++++++++++++++++++++++++++++++++++++++++++++++++++++++++++++++++++
+ DevKit Extensions (0) used in this application 
                             +
++++++++++++++++++++++++++++++++++++++++++++++++++++++++++++++++++++++++++++++++
2018-01-04 14:33:56,764 [main] INFO  org.mule.lifecycle.AbstractLifecycleManager - Starting model: _muleSystemModel
2018-01-04 14:33:56,768 [main] INFO  org.mule.construct.FlowConstructLifecycleManager - Starting flow: soapimplimentationFlow
2018-01-04 14:33:56,769 [main] INFO  org.mule.processor.SedaStageLifecycleManager - Starting service: soapimplimentationFlow.stage1
2018-01-04 14:33:56,782 [main] INFO  org.mule.component.ComponentLifecycleManager - Starting component: component.356539350
2018-01-04 14:33:56,879 [main] INFO  org.mule.module.management.agent.WrapperManagerAgent - This JVM hasn't been launched by the wrapper, the agent will not run.
2018-01-04 14:33:56,915 [main] INFO  org.mule.DefaultMuleContext - 
**********************************************************************
* Application: soapimplimentation                                    *
* OS encoding: \, Mule encoding: UTF-8                               *
*                                                                    *
* Agents Running:                                                    *
*   Batch module default engine                                      *
*   JMX Agent                                                        *
*   DevKit Extension Information                                     *
*   Wrapper Manager                                                  *
**********************************************************************
2018-01-04 14:34:37,037 [Mule.app.deployer.monitor.1.thread.1] INFO  org.mule.module.launcher.application.DefaultMuleApplication - 
++++++++++++++++++++++++++++++++++++++++++++++++++++++++++++
+ Stopping app 'soapimplimentation'                        +
++++++++++++++++++++++++++++++++++++++++++++++++++++++++++++
2018-01-04 14:34:37,043 [Mule.app.deployer.monitor.1.thread.1] INFO  org.mule.construct.FlowConstructLifecycleManager - Stopping flow: soapimplimentationFlow
2018-01-04 14:34:37,046 [Mule.app.deployer.monitor.1.thread.1] INFO  org.mule.processor.SedaStageLifecycleManager - Stopping service: soapimplimentationFlow.stage1
2018-01-04 14:34:37,105 [Mule.app.deployer.monitor.1.thread.1] INFO  org.mule.component.ComponentLifecycleManager - Stopping component: component.356539350
2018-01-04 14:34:37,107 [Mule.app.deployer.monitor.1.thread.1] INFO  org.mule.lifecycle.AbstractLifecycleManager - Stopping model: _muleSystemModel
2018-01-04 14:34:37,157 [Mule.app.deployer.monitor.1.thread.1] INFO  org.mule.module.http.internal.listener.DefaultHttpListenerConfig - Stopped listener on http://0.0.0.0:8081
2018-01-04 14:34:37,160 [Mule.app.deployer.monitor.1.thread.1] INFO  org.mule.util.queue.QueueXaResourceManager - Stopping ResourceManager
2018-01-04 14:34:37,160 [Mule.app.deployer.monitor.1.thread.1] INFO  org.mule.util.queue.QueueXaResourceManager - Stopped ResourceManager
2018-01-04 14:34:37,168 [Mule.app.deployer.monitor.1.thread.1] INFO  org.mule.module.launcher.application.DefaultMuleApplication - 
++++++++++++++++++++++++++++++++++++++++++++++++++++++++++++
+ Disposing app 'soapimplimentation'                       +
++++++++++++++++++++++++++++++++++++++++++++++++++++++++++++
2018-01-04 14:34:37,170 [Mule.app.deployer.monitor.1.thread.1] INFO  org.mule.lifecycle.AbstractLifecycleManager - Disposing RegistryBroker
2018-01-04 14:34:37,172 [Mule.app.deployer.monitor.1.thread.1] INFO  org.mule.construct.FlowConstructLifecycleManager - Disposing flow: soapimplimentationFlow
2018-01-04 14:34:37,172 [Mule.app.deployer.monitor.1.thread.1] INFO  org.mule.processor.SedaStageLifecycleManager - Disposing service: soapimplimentationFlow.stage1
2018-01-04 14:34:37,173 [Mule.app.deployer.monitor.1.thread.1] INFO  org.mule.component.ComponentLifecycleManager - Disposing component: component.356539350
2018-01-04 14:34:37,179 [Mule.app.deployer.monitor.1.thread.1] INFO  org.mule.lifecycle.AbstractLifecycleManager - Disposing model: _muleSystemModel
2018-01-04 14:34:37,456 [Mule.app.deployer.monitor.1.thread.1] INFO  org.mule.config.spring.MuleArtifactContext - Closing org.mule.config.spring.MuleArtifactContext@3d6300e8: startup date [Thu Jan 04 14:33:44 IST 2018]; root of context hierarchy
2018-01-04 14:34:37,510 [Mule.app.deployer.monitor.1.thread.1] INFO  org.mule.DefaultMuleContext - 
**********************************************************************
* Application "soapimplimentation" shut down normally on: 1/4/18     *
* 2:34 PM                                                            *
* Up for: 0 days, 0 hours, 0 mins, 40.884 sec                        *
**********************************************************************
2018-01-04 14:34:37,695 [Mule.app.deployer.monitor.1.thread.1] INFO  org.mule.module.launcher.application.DefaultMuleApplication - 
++++++++++++++++++++++++++++++++++++++++++++++++++++++++++++
+ Initializing app 'soapimplimentation'                    +
++++++++++++++++++++++++++++++++++++++++++++++++++++++++++++
2018-01-04 14:34:37,708 [Mule.app.deployer.monitor.1.thread.1] WARN  com.mulesoft.module.client.APIPlatformClientCoreExtension - Client ID or Client Secret were not provided. API Manager client is DISABLED for app soapimplimentation
2018-01-04 14:34:37,715 [Mule.app.deployer.monitor.1.thread.1] INFO  org.mule.lifecycle.AbstractLifecycleManager - Initialising RegistryBroker
2018-01-04 14:34:37,724 [Mule.app.deployer.monitor.1.thread.1] INFO  org.mule.module.extension.internal.manager.DefaultExtensionManager - Starting discovery of extensions
2018-01-04 14:34:37,809 [Mule.app.deployer.monitor.1.thread.1] INFO  org.mule.module.extension.internal.manager.DefaultExtensionManager - Discovered 1 extensions
2018-01-04 14:34:37,809 [Mule.app.deployer.monitor.1.thread.1] INFO  org.mule.module.extension.internal.manager.DefaultExtensionManager - Registering extension validation (version 3.8)
2018-01-04 14:34:37,838 [Mule.app.deployer.monitor.1.thread.1] INFO  org.mule.config.spring.MuleArtifactContext - Refreshing org.mule.config.spring.MuleArtifactContext@3474b4bd: startup date [Thu Jan 04 14:34:37 IST 2018]; root of context hierarchy
2018-01-04 14:34:39,051 [Mule.app.deployer.monitor.1.thread.1] INFO  org.mule.config.spring.processors.NoDevkitInjectorProcessor - JSR-330 'javax.inject.Inject' annotation found and supported for autowiring
2018-01-04 14:34:39,368 [Mule.app.deployer.monitor.1.thread.1] INFO  org.mule.util.journal.TransactionJournal - Using files for tx logs C:\Users\M1042933\AnypointStudio\workspace\.mule\.\.mule\soapimplimentation\queue-tx-log\tx1.log and C:\Users\M1042933\AnypointStudio\workspace\.mule\.\.mule\soapimplimentation\queue-tx-log\tx2.log
2018-01-04 14:34:39,376 [Mule.app.deployer.monitor.1.thread.1] INFO  org.mule.util.journal.TransactionJournal - Using files for tx logs C:\Users\M1042933\AnypointStudio\workspace\.mule\.\.mule\soapimplimentation\queue-xa-tx-log\tx1.log and C:\Users\M1042933\AnypointStudio\workspace\.mule\.\.mule\soapimplimentation\queue-xa-tx-log\tx2.log
2018-01-04 14:34:39,401 [Mule.app.deployer.monitor.1.thread.1] INFO  org.mule.lifecycle.AbstractLifecycleManager - Initialising model: _muleSystemModel
2018-01-04 14:34:39,404 [Mule.app.deployer.monitor.1.thread.1] INFO  org.mule.construct.FlowConstructLifecycleManager - Initialising flow: soapimplimentationFlow
2018-01-04 14:34:39,406 [Mule.app.deployer.monitor.1.thread.1] INFO  org.mule.exception.DefaultMessagingExceptionStrategy - Initialising exception listener: org.mule.exception.DefaultMessagingExceptionStrategy@19e3796f
2018-01-04 14:34:39,420 [Mule.app.deployer.monitor.1.thread.1] INFO  org.mule.processor.SedaStageLifecycleManager - Initialising service: soapimplimentationFlow.stage1
2018-01-04 14:34:39,457 [Mule.app.deployer.monitor.1.thread.1] INFO  org.mule.module.cxf.config.WebServiceFactoryBean - Built CXF Inbound MessageProcessor for service class com.main.AddInterface
2018-01-04 14:34:39,542 [Mule.app.deployer.monitor.1.thread.1] INFO  org.mule.component.ComponentLifecycleManager - Initialising component: component.1900279009
2018-01-04 14:34:39,750 [Mule.app.deployer.monitor.1.thread.1] INFO  org.mule.config.spring.SpringXmlConfigurationBuilder - Configured Mule using "org.mule.config.spring.SpringXmlConfigurationBuilder" with configuration resource(s): "[ConfigResource{resourceName='C:\Users\M1042933\AnypointStudio\workspace\.mule\apps\soapimplimentation\soapimplimentation.xml'}]"
2018-01-04 14:34:39,752 [Mule.app.deployer.monitor.1.thread.1] INFO  org.mule.config.builders.AutoConfigurationBuilder - Configured Mule using "org.mule.config.builders.AutoConfigurationBuilder" with configuration resource(s): "[ConfigResource{resourceName='C:\Users\M1042933\AnypointStudio\workspace\.mule\apps\soapimplimentation\soapimplimentation.xml'}]"
2018-01-04 14:34:42,775 [Mule.app.deployer.monitor.1.thread.1] INFO  org.mule.module.launcher.application.DefaultMuleApplication - 
++++++++++++++++++++++++++++++++++++++++++++++++++++++++++++
+ Starting app 'soapimplimentation'                        +
++++++++++++++++++++++++++++++++++++++++++++++++++++++++++++
2018-01-04 14:34:42,783 [Mule.app.deployer.monitor.1.thread.1] INFO  org.mule.util.queue.QueueXaResourceManager - Starting ResourceManager
2018-01-04 14:34:42,783 [Mule.app.deployer.monitor.1.thread.1] INFO  org.mule.util.queue.QueueXaResourceManager - Started ResourceManager
2018-01-04 14:34:42,859 [Mule.app.deployer.monitor.1.thread.1] INFO  org.mule.module.http.internal.listener.DefaultHttpListenerConfig - Listening for requests on http://0.0.0.0:8081
2018-01-04 14:34:42,869 [Mule.app.deployer.monitor.1.thread.1] INFO  org.mule.modules.oauth2.provider.agents.DefaultSplashScreenAgent - 
++++++++++++++++++++++++++++++++++++++++++++++++++++++++++++++++++++++++++++++++
+ DevKit Extensions (0) used in this application 
                             +
++++++++++++++++++++++++++++++++++++++++++++++++++++++++++++++++++++++++++++++++
2018-01-04 14:34:42,873 [Mule.app.deployer.monitor.1.thread.1] INFO  org.mule.lifecycle.AbstractLifecycleManager - Starting model: _muleSystemModel
2018-01-04 14:34:42,876 [Mule.app.deployer.monitor.1.thread.1] INFO  org.mule.construct.FlowConstructLifecycleManager - Starting flow: soapimplimentationFlow
2018-01-04 14:34:42,876 [Mule.app.deployer.monitor.1.thread.1] INFO  org.mule.processor.SedaStageLifecycleManager - Starting service: soapimplimentationFlow.stage1
2018-01-04 14:34:42,885 [Mule.app.deployer.monitor.1.thread.1] INFO  org.mule.component.ComponentLifecycleManager - Starting component: component.1900279009
2018-01-04 14:34:42,920 [Mule.app.deployer.monitor.1.thread.1] INFO  org.mule.module.management.agent.WrapperManagerAgent - This JVM hasn't been launched by the wrapper, the agent will not run.
2018-01-04 14:34:42,937 [Mule.app.deployer.monitor.1.thread.1] INFO  org.mule.DefaultMuleContext - 
**********************************************************************
* Application: soapimplimentation                                    *
* OS encoding: \, Mule encoding: UTF-8                               *
*                                                                    *
* Agents Running:                                                    *
*   Batch module default engine                                      *
*   JMX Agent                                                        *
*   DevKit Extension Information                                     *
*   Wrapper Manager                                                  *
**********************************************************************
2018-01-04 14:34:47,956 [[soapimplimentation].HTTP_Listener_Configuration.worker.01] INFO  org.mule.module.http.internal.listener.HttpListenerRegistry - No listener found for request: (GET)/favicon.ico
2018-01-04 14:34:47,956 [[soapimplimentation].HTTP_Listener_Configuration.worker.01] INFO  org.mule.module.http.internal.listener.HttpListenerRegistry - Available listeners are: [([get])/ADD/]
2018-01-04 14:42:02,125 [main] INFO  org.mule.module.launcher.application.DefaultMuleApplication - 
++++++++++++++++++++++++++++++++++++++++++++++++++++++++++++
+ Initializing app 'soapimplimentation'                    +
++++++++++++++++++++++++++++++++++++++++++++++++++++++++++++
2018-01-04 14:42:02,154 [main] WARN  com.mulesoft.module.client.APIPlatformClientCoreExtension - Client ID or Client Secret were not provided. API Manager client is DISABLED for app soap
2018-01-04 14:42:02,159 [main] INFO  org.mule.lifecycle.AbstractLifecycleManager - Initialising RegistryBroker
2018-01-04 14:42:02,166 [main] INFO  org.mule.module.extension.internal.manager.DefaultExtensionManager - Starting discovery of extensions
2018-01-04 14:42:02,203 [main] INFO  org.mule.module.extension.internal.manager.DefaultExtensionManager - Discovered 1 extensions
2018-01-04 14:42:02,204 [main] INFO  org.mule.module.extension.internal.manager.DefaultExtensionManager - Registering extension validation (version 3.8)
2018-01-04 14:42:02,242 [main] INFO  org.mule.config.spring.MuleArtifactContext - Refreshing org.mule.config.spring.MuleArtifactContext@496cedbb: startup date [Thu Jan 04 14:42:02 IST 2018]; root of context hierarchy
2018-01-04 14:42:02,968 [main] INFO  org.mule.config.spring.processors.NoDevkitInjectorProcessor - JSR-330 'javax.inject.Inject' annotation found and supported for autowiring
2018-01-04 14:42:03,314 [main] INFO  org.mule.util.journal.TransactionJournal - Using files for tx logs C:\Users\M1042933\AnypointStudio\workspace\.mule\.\.mule\soapimplimentation\queue-tx-log\tx1.log and C:\Users\M1042933\AnypointStudio\workspace\.mule\.\.mule\soapimplimentation\queue-tx-log\tx2.log
2018-01-04 14:42:03,318 [main] INFO  org.mule.util.journal.TransactionJournal - Using files for tx logs C:\Users\M1042933\AnypointStudio\workspace\.mule\.\.mule\soapimplimentation\queue-xa-tx-log\tx1.log and C:\Users\M1042933\AnypointStudio\workspace\.mule\.\.mule\soapimplimentation\queue-xa-tx-log\tx2.log
2018-01-04 14:42:03,332 [main] INFO  org.mule.lifecycle.AbstractLifecycleManager - Initialising model: _muleSystemModel
2018-01-04 14:42:03,334 [main] INFO  org.mule.construct.FlowConstructLifecycleManager - Initialising flow: soapimplimentationFlow
2018-01-04 14:42:03,334 [main] INFO  org.mule.exception.DefaultMessagingExceptionStrategy - Initialising exception listener: org.mule.exception.DefaultMessagingExceptionStrategy@57f0bfc3
2018-01-04 14:42:03,341 [main] INFO  org.mule.processor.SedaStageLifecycleManager - Initialising service: soapimplimentationFlow.stage1
2018-01-04 14:42:03,378 [main] INFO  org.mule.module.cxf.config.WebServiceFactoryBean - Built CXF Inbound MessageProcessor for service class com.main.AddInterface
2018-01-04 14:42:04,159 [main] INFO  org.mule.component.ComponentLifecycleManager - Initialising component: component.1732945446
2018-01-04 14:42:04,220 [main] INFO  org.mule.config.spring.SpringXmlConfigurationBuilder - Configured Mule using "org.mule.config.spring.SpringXmlConfigurationBuilder" with configuration resource(s): "[ConfigResource{resourceName='C:\Users\M1042933\AnypointStudio\workspace\.mule\apps\soapimplimentation\soapimplimentation.xml'}]"
2018-01-04 14:42:04,220 [main] INFO  org.mule.config.builders.AutoConfigurationBuilder - Configured Mule using "org.mule.config.builders.AutoConfigurationBuilder" with configuration resource(s): "[ConfigResource{resourceName='C:\Users\M1042933\AnypointStudio\workspace\.mule\apps\soapimplimentation\soapimplimentation.xml'}]"
2018-01-04 14:42:07,229 [main] INFO  org.mule.module.launcher.application.DefaultMuleApplication - 
++++++++++++++++++++++++++++++++++++++++++++++++++++++++++++
+ Starting app 'soapimplimentation'                        +
++++++++++++++++++++++++++++++++++++++++++++++++++++++++++++
2018-01-04 14:42:07,238 [main] INFO  org.mule.util.queue.QueueXaResourceManager - Starting ResourceManager
2018-01-04 14:42:07,238 [main] INFO  org.mule.util.queue.QueueXaResourceManager - Started ResourceManager
2018-01-04 14:42:07,294 [main] INFO  org.mule.module.http.internal.listener.DefaultHttpListenerConfig - Listening for requests on http://0.0.0.0:8081
2018-01-04 14:42:07,300 [main] INFO  org.mule.modules.oauth2.provider.agents.DefaultSplashScreenAgent - 
++++++++++++++++++++++++++++++++++++++++++++++++++++++++++++++++++++++++++++++++
+ DevKit Extensions (0) used in this application 
                             +
++++++++++++++++++++++++++++++++++++++++++++++++++++++++++++++++++++++++++++++++
2018-01-04 14:42:07,302 [main] INFO  org.mule.lifecycle.AbstractLifecycleManager - Starting model: _muleSystemModel
2018-01-04 14:42:07,304 [main] INFO  org.mule.construct.FlowConstructLifecycleManager - Starting flow: soapimplimentationFlow
2018-01-04 14:42:07,304 [main] INFO  org.mule.processor.SedaStageLifecycleManager - Starting service: soapimplimentationFlow.stage1
2018-01-04 14:42:07,312 [main] INFO  org.mule.component.ComponentLifecycleManager - Starting component: component.1732945446
2018-01-04 14:42:07,338 [main] INFO  org.mule.module.management.agent.WrapperManagerAgent - This JVM hasn't been launched by the wrapper, the agent will not run.
2018-01-04 14:42:07,344 [main] INFO  org.mule.DefaultMuleContext - 
**********************************************************************
* Application: soapimplimentation                                    *
* OS encoding: \, Mule encoding: UTF-8                               *
*                                                                    *
* Agents Running:                                                    *
*   Batch module default engine                                      *
*   JMX Agent                                                        *
*   DevKit Extension Information                                     *
*   Wrapper Manager                                                  *
**********************************************************************
2018-01-04 14:46:37,909 [main] INFO  org.mule.module.launcher.application.DefaultMuleApplication - 
++++++++++++++++++++++++++++++++++++++++++++++++++++++++++++
+ Initializing app 'soapimplimentation'                    +
++++++++++++++++++++++++++++++++++++++++++++++++++++++++++++
2018-01-04 14:46:37,917 [main] WARN  com.mulesoft.module.client.APIPlatformClientCoreExtension - Client ID or Client Secret were not provided. API Manager client is DISABLED for app soap
2018-01-04 14:46:37,925 [main] INFO  org.mule.lifecycle.AbstractLifecycleManager - Initialising RegistryBroker
2018-01-04 14:46:37,933 [main] INFO  org.mule.module.extension.internal.manager.DefaultExtensionManager - Starting discovery of extensions
2018-01-04 14:46:37,965 [main] INFO  org.mule.module.extension.internal.manager.DefaultExtensionManager - Discovered 1 extensions
2018-01-04 14:46:37,965 [main] INFO  org.mule.module.extension.internal.manager.DefaultExtensionManager - Registering extension validation (version 3.8)
2018-01-04 14:46:37,977 [main] INFO  org.mule.config.spring.MuleArtifactContext - Refreshing org.mule.config.spring.MuleArtifactContext@7c2b6acb: startup date [Thu Jan 04 14:46:37 IST 2018]; root of context hierarchy
2018-01-04 14:46:38,607 [main] INFO  org.mule.config.spring.processors.NoDevkitInjectorProcessor - JSR-330 'javax.inject.Inject' annotation found and supported for autowiring
2018-01-04 14:46:38,906 [main] INFO  org.mule.util.journal.TransactionJournal - Using files for tx logs C:\Users\M1042933\AnypointStudio\workspace\.mule\.\.mule\soapimplimentation\queue-tx-log\tx1.log and C:\Users\M1042933\AnypointStudio\workspace\.mule\.\.mule\soapimplimentation\queue-tx-log\tx2.log
2018-01-04 14:46:38,910 [main] INFO  org.mule.util.journal.TransactionJournal - Using files for tx logs C:\Users\M1042933\AnypointStudio\workspace\.mule\.\.mule\soapimplimentation\queue-xa-tx-log\tx1.log and C:\Users\M1042933\AnypointStudio\workspace\.mule\.\.mule\soapimplimentation\queue-xa-tx-log\tx2.log
2018-01-04 14:46:38,934 [main] INFO  org.mule.lifecycle.AbstractLifecycleManager - Initialising model: _muleSystemModel
2018-01-04 14:46:38,942 [main] INFO  org.mule.construct.FlowConstructLifecycleManager - Initialising flow: soapimplimentationFlow
2018-01-04 14:46:38,942 [main] INFO  org.mule.exception.DefaultMessagingExceptionStrategy - Initialising exception listener: org.mule.exception.DefaultMessagingExceptionStrategy@7d3c22a5
2018-01-04 14:46:38,986 [main] INFO  org.mule.processor.SedaStageLifecycleManager - Initialising service: soapimplimentationFlow.stage1
2018-01-04 14:46:39,054 [main] INFO  org.mule.module.cxf.config.WebServiceFactoryBean - Built CXF Inbound MessageProcessor for service class com.main.AddInterface
2018-01-04 14:46:39,864 [main] INFO  org.mule.component.ComponentLifecycleManager - Initialising component: component.280526838
2018-01-04 14:46:39,939 [main] INFO  org.mule.config.spring.SpringXmlConfigurationBuilder - Configured Mule using "org.mule.config.spring.SpringXmlConfigurationBuilder" with configuration resource(s): "[ConfigResource{resourceName='C:\Users\M1042933\AnypointStudio\workspace\.mule\apps\soapimplimentation\soapimplimentation.xml'}]"
2018-01-04 14:46:39,943 [main] INFO  org.mule.config.builders.AutoConfigurationBuilder - Configured Mule using "org.mule.config.builders.AutoConfigurationBuilder" with configuration resource(s): "[ConfigResource{resourceName='C:\Users\M1042933\AnypointStudio\workspace\.mule\apps\soapimplimentation\soapimplimentation.xml'}]"
2018-01-04 14:46:42,948 [main] INFO  org.mule.module.launcher.application.DefaultMuleApplication - 
++++++++++++++++++++++++++++++++++++++++++++++++++++++++++++
+ Starting app 'soapimplimentation'                        +
++++++++++++++++++++++++++++++++++++++++++++++++++++++++++++
2018-01-04 14:46:42,954 [main] INFO  org.mule.util.queue.QueueXaResourceManager - Starting ResourceManager
2018-01-04 14:46:42,954 [main] INFO  org.mule.util.queue.QueueXaResourceManager - Started ResourceManager
2018-01-04 14:46:42,990 [main] INFO  org.mule.module.http.internal.listener.DefaultHttpListenerConfig - Listening for requests on http://0.0.0.0:8081
2018-01-04 14:46:42,994 [main] INFO  org.mule.modules.oauth2.provider.agents.DefaultSplashScreenAgent - 
++++++++++++++++++++++++++++++++++++++++++++++++++++++++++++++++++++++++++++++++
+ DevKit Extensions (0) used in this application 
                             +
++++++++++++++++++++++++++++++++++++++++++++++++++++++++++++++++++++++++++++++++
2018-01-04 14:46:42,994 [main] INFO  org.mule.lifecycle.AbstractLifecycleManager - Starting model: _muleSystemModel
2018-01-04 14:46:42,994 [main] INFO  org.mule.construct.FlowConstructLifecycleManager - Starting flow: soapimplimentationFlow
2018-01-04 14:46:42,994 [main] INFO  org.mule.processor.SedaStageLifecycleManager - Starting service: soapimplimentationFlow.stage1
2018-01-04 14:46:43,002 [main] INFO  org.mule.component.ComponentLifecycleManager - Starting component: component.280526838
2018-01-04 14:46:43,026 [main] INFO  org.mule.module.management.agent.WrapperManagerAgent - This JVM hasn't been launched by the wrapper, the agent will not run.
2018-01-04 14:46:43,038 [main] INFO  org.mule.DefaultMuleContext - 
**********************************************************************
* Application: soapimplimentation                                    *
* OS encoding: \, Mule encoding: UTF-8                               *
*                                                                    *
* Agents Running:                                                    *
*   Batch module default engine                                      *
*   JMX Agent                                                        *
*   DevKit Extension Information                                     *
*   Wrapper Manager                                                  *
**********************************************************************
2018-01-04 14:53:29,819 [main] INFO  org.mule.module.launcher.application.DefaultMuleApplication - 
++++++++++++++++++++++++++++++++++++++++++++++++++++++++++++
+ Initializing app 'soapimplimentation'                    +
++++++++++++++++++++++++++++++++++++++++++++++++++++++++++++
2018-01-04 14:53:29,823 [main] WARN  com.mulesoft.module.client.APIPlatformClientCoreExtension - Client ID or Client Secret were not provided. API Manager client is DISABLED for app soap
2018-01-04 14:53:29,831 [main] INFO  org.mule.lifecycle.AbstractLifecycleManager - Initialising RegistryBroker
2018-01-04 14:53:29,839 [main] INFO  org.mule.module.extension.internal.manager.DefaultExtensionManager - Starting discovery of extensions
2018-01-04 14:53:29,867 [main] INFO  org.mule.module.extension.internal.manager.DefaultExtensionManager - Discovered 1 extensions
2018-01-04 14:53:29,867 [main] INFO  org.mule.module.extension.internal.manager.DefaultExtensionManager - Registering extension validation (version 3.8)
2018-01-04 14:53:29,875 [main] INFO  org.mule.config.spring.MuleArtifactContext - Refreshing org.mule.config.spring.MuleArtifactContext@28367da7: startup date [Thu Jan 04 14:53:29 IST 2018]; root of context hierarchy
2018-01-04 14:53:30,473 [main] INFO  org.mule.config.spring.processors.NoDevkitInjectorProcessor - JSR-330 'javax.inject.Inject' annotation found and supported for autowiring
2018-01-04 14:53:30,772 [main] INFO  org.mule.util.journal.TransactionJournal - Using files for tx logs C:\Users\M1042933\AnypointStudio\workspace\.mule\.\.mule\soapimplimentation\queue-tx-log\tx1.log and C:\Users\M1042933\AnypointStudio\workspace\.mule\.\.mule\soapimplimentation\queue-tx-log\tx2.log
2018-01-04 14:53:30,776 [main] INFO  org.mule.util.journal.TransactionJournal - Using files for tx logs C:\Users\M1042933\AnypointStudio\workspace\.mule\.\.mule\soapimplimentation\queue-xa-tx-log\tx1.log and C:\Users\M1042933\AnypointStudio\workspace\.mule\.\.mule\soapimplimentation\queue-xa-tx-log\tx2.log
2018-01-04 14:53:30,792 [main] INFO  org.mule.lifecycle.AbstractLifecycleManager - Initialising model: _muleSystemModel
2018-01-04 14:53:30,792 [main] INFO  org.mule.construct.FlowConstructLifecycleManager - Initialising flow: soapimplimentationFlow
2018-01-04 14:53:30,792 [main] INFO  org.mule.exception.DefaultMessagingExceptionStrategy - Initialising exception listener: org.mule.exception.DefaultMessagingExceptionStrategy@369ad7da
2018-01-04 14:53:30,804 [main] INFO  org.mule.processor.SedaStageLifecycleManager - Initialising service: soapimplimentationFlow.stage1
2018-01-04 14:53:30,861 [main] INFO  org.mule.module.cxf.config.WebServiceFactoryBean - Built CXF Inbound MessageProcessor for service class com.main.AddInterface
2018-01-04 14:53:31,652 [main] INFO  org.mule.component.ComponentLifecycleManager - Initialising component: component.1663443057
2018-01-04 14:53:31,711 [main] INFO  org.mule.config.spring.SpringXmlConfigurationBuilder - Configured Mule using "org.mule.config.spring.SpringXmlConfigurationBuilder" with configuration resource(s): "[ConfigResource{resourceName='C:\Users\M1042933\AnypointStudio\workspace\.mule\apps\soapimplimentation\soapimplimentation.xml'}]"
2018-01-04 14:53:31,711 [main] INFO  org.mule.config.builders.AutoConfigurationBuilder - Configured Mule using "org.mule.config.builders.AutoConfigurationBuilder" with configuration resource(s): "[ConfigResource{resourceName='C:\Users\M1042933\AnypointStudio\workspace\.mule\apps\soapimplimentation\soapimplimentation.xml'}]"
2018-01-04 14:53:34,726 [main] INFO  org.mule.module.launcher.application.DefaultMuleApplication - 
++++++++++++++++++++++++++++++++++++++++++++++++++++++++++++
+ Starting app 'soapimplimentation'                        +
++++++++++++++++++++++++++++++++++++++++++++++++++++++++++++
2018-01-04 14:53:34,733 [main] INFO  org.mule.util.queue.QueueXaResourceManager - Starting ResourceManager
2018-01-04 14:53:34,733 [main] INFO  org.mule.util.queue.QueueXaResourceManager - Started ResourceManager
2018-01-04 14:53:34,801 [main] INFO  org.mule.module.http.internal.listener.DefaultHttpListenerConfig - Listening for requests on http://0.0.0.0:8081
2018-01-04 14:53:34,809 [main] INFO  org.mule.modules.oauth2.provider.agents.DefaultSplashScreenAgent - 
++++++++++++++++++++++++++++++++++++++++++++++++++++++++++++++++++++++++++++++++
+ DevKit Extensions (0) used in this application 
                             +
++++++++++++++++++++++++++++++++++++++++++++++++++++++++++++++++++++++++++++++++
2018-01-04 14:53:34,809 [main] INFO  org.mule.lifecycle.AbstractLifecycleManager - Starting model: _muleSystemModel
2018-01-04 14:53:34,813 [main] INFO  org.mule.construct.FlowConstructLifecycleManager - Starting flow: soapimplimentationFlow
2018-01-04 14:53:34,813 [main] INFO  org.mule.processor.SedaStageLifecycleManager - Starting service: soapimplimentationFlow.stage1
2018-01-04 14:53:34,821 [main] INFO  org.mule.component.ComponentLifecycleManager - Starting component: component.1663443057
2018-01-04 14:53:34,853 [main] INFO  org.mule.module.management.agent.WrapperManagerAgent - This JVM hasn't been launched by the wrapper, the agent will not run.
2018-01-04 14:53:34,865 [main] INFO  org.mule.DefaultMuleContext - 
**********************************************************************
* Application: soapimplimentation                                    *
* OS encoding: \, Mule encoding: UTF-8                               *
*                                                                    *
* Agents Running:                                                    *
*   Batch module default engine                                      *
*   JMX Agent                                                        *
*   DevKit Extension Information                                     *
*   Wrapper Manager                                                  *
**********************************************************************
2018-01-04 14:54:41,254 [[soapimplimentation].HTTP_Listener_Configuration.worker.01] INFO  org.mule.module.http.internal.listener.HttpListenerRegistry - No listener found for request: (POST)/ADD
2018-01-04 14:54:41,254 [[soapimplimentation].HTTP_Listener_Configuration.worker.01] INFO  org.mule.module.http.internal.listener.HttpListenerRegistry - Available listeners are: [([get])/ADD/]
2018-01-04 15:55:24,918 [main] INFO  org.mule.module.launcher.application.DefaultMuleApplication - 
++++++++++++++++++++++++++++++++++++++++++++++++++++++++++++
+ Initializing app 'soapimplimentation'                    +
++++++++++++++++++++++++++++++++++++++++++++++++++++++++++++
2018-01-04 15:55:25,318 [main] INFO  org.mule.lifecycle.AbstractLifecycleManager - Initialising RegistryBroker
2018-01-04 15:55:25,526 [main] INFO  org.mule.module.extension.internal.manager.DefaultExtensionManager - Starting discovery of extensions
2018-01-04 15:55:25,748 [main] INFO  org.mule.module.extension.internal.manager.DefaultExtensionManager - Discovered 1 extensions
2018-01-04 15:55:25,748 [main] INFO  org.mule.module.extension.internal.manager.DefaultExtensionManager - Registering extension validation (version 3.8)
2018-01-04 15:55:25,880 [main] INFO  org.mule.config.spring.MuleArtifactContext - Refreshing org.mule.config.spring.MuleArtifactContext@3d6300e8: startup date [Thu Jan 04 15:55:25 IST 2018]; root of context hierarchy
2018-01-04 15:55:28,738 [main] INFO  org.mule.config.spring.processors.NoDevkitInjectorProcessor - JSR-330 'javax.inject.Inject' annotation found and supported for autowiring
2018-01-04 15:55:30,366 [main] WARN  org.mule.module.ognl.expression.OgnlExpressionEvaluator - OGNL module is deprecated and will be removed in Mule 4.0. Use MEL expressions instead.
2018-01-04 15:55:31,660 [main] INFO  org.mule.util.journal.TransactionJournal - Using files for tx logs C:\Users\M1042933\AnypointStudio\workspace\.mule\.\.mule\soapimplimentation\queue-tx-log\tx1.log and C:\Users\M1042933\AnypointStudio\workspace\.mule\.\.mule\soapimplimentation\queue-tx-log\tx2.log
2018-01-04 15:55:31,685 [main] INFO  org.mule.util.journal.TransactionJournal - Using files for tx logs C:\Users\M1042933\AnypointStudio\workspace\.mule\.\.mule\soapimplimentation\queue-xa-tx-log\tx1.log and C:\Users\M1042933\AnypointStudio\workspace\.mule\.\.mule\soapimplimentation\queue-xa-tx-log\tx2.log
2018-01-04 15:55:31,901 [main] INFO  org.mule.lifecycle.AbstractLifecycleManager - Initialising model: _muleSystemModel
2018-01-04 15:55:31,905 [main] INFO  org.mule.construct.FlowConstructLifecycleManager - Initialising flow: soapimplimentationFlow
2018-01-04 15:55:31,905 [main] INFO  org.mule.exception.DefaultMessagingExceptionStrategy - Initialising exception listener: org.mule.exception.DefaultMessagingExceptionStrategy@1b01a0d
2018-01-04 15:55:31,969 [main] INFO  org.mule.processor.SedaStageLifecycleManager - Initialising service: soapimplimentationFlow.stage1
2018-01-04 15:55:32,424 [main] INFO  org.mule.module.cxf.config.WebServiceFactoryBean - Built CXF Inbound MessageProcessor for service class com.main.AddInterface
2018-01-04 15:55:33,709 [main] INFO  org.mule.component.ComponentLifecycleManager - Initialising component: component.356539350
2018-01-04 15:55:34,379 [main] INFO  org.mule.config.spring.SpringXmlConfigurationBuilder - Configured Mule using "org.mule.config.spring.SpringXmlConfigurationBuilder" with configuration resource(s): "[ConfigResource{resourceName='C:\Users\M1042933\AnypointStudio\workspace\.mule\apps\soapimplimentation\soapimplimentation.xml'}]"
2018-01-04 15:55:34,379 [main] INFO  org.mule.config.builders.AutoConfigurationBuilder - Configured Mule using "org.mule.config.builders.AutoConfigurationBuilder" with configuration resource(s): "[ConfigResource{resourceName='C:\Users\M1042933\AnypointStudio\workspace\.mule\apps\soapimplimentation\soapimplimentation.xml'}]"
2018-01-04 15:55:37,426 [main] INFO  org.mule.module.launcher.application.DefaultMuleApplication - 
++++++++++++++++++++++++++++++++++++++++++++++++++++++++++++
+ Starting app 'soapimplimentation'                        +
++++++++++++++++++++++++++++++++++++++++++++++++++++++++++++
2018-01-04 15:55:37,433 [main] INFO  org.mule.util.queue.QueueXaResourceManager - Starting ResourceManager
2018-01-04 15:55:37,433 [main] INFO  org.mule.util.queue.QueueXaResourceManager - Started ResourceManager
2018-01-04 15:55:37,573 [main] INFO  org.mule.module.http.internal.listener.DefaultHttpListenerConfig - Listening for requests on http://0.0.0.0:8081
2018-01-04 15:55:37,585 [main] INFO  org.mule.modules.oauth2.provider.agents.DefaultSplashScreenAgent - 
++++++++++++++++++++++++++++++++++++++++++++++++++++++++++++++++++++++++++++++++
+ DevKit Extensions (0) used in this application 
                             +
++++++++++++++++++++++++++++++++++++++++++++++++++++++++++++++++++++++++++++++++
2018-01-04 15:55:37,585 [main] INFO  org.mule.lifecycle.AbstractLifecycleManager - Starting model: _muleSystemModel
2018-01-04 15:55:37,589 [main] INFO  org.mule.construct.FlowConstructLifecycleManager - Starting flow: soapimplimentationFlow
2018-01-04 15:55:37,589 [main] INFO  org.mule.processor.SedaStageLifecycleManager - Starting service: soapimplimentationFlow.stage1
2018-01-04 15:55:37,597 [main] INFO  org.mule.component.ComponentLifecycleManager - Starting component: component.356539350
2018-01-04 15:55:37,691 [main] INFO  org.mule.module.management.agent.WrapperManagerAgent - This JVM hasn't been launched by the wrapper, the agent will not run.
2018-01-04 15:55:37,747 [main] INFO  org.mule.DefaultMuleContext - 
**********************************************************************
* Application: soapimplimentation                                    *
* OS encoding: \, Mule encoding: UTF-8                               *
*                                                                    *
* Agents Running:                                                    *
*   Batch module default engine                                      *
*   JMX Agent                                                        *
*   DevKit Extension Information                                     *
*   Wrapper Manager                                                  *
**********************************************************************
2018-01-04 15:57:47,986 [Mule.app.deployer.monitor.1.thread.1] INFO  org.mule.module.launcher.application.DefaultMuleApplication - 
++++++++++++++++++++++++++++++++++++++++++++++++++++++++++++
+ Stopping app 'soapimplimentation'                        +
++++++++++++++++++++++++++++++++++++++++++++++++++++++++++++
2018-01-04 15:57:47,994 [Mule.app.deployer.monitor.1.thread.1] INFO  org.mule.construct.FlowConstructLifecycleManager - Stopping flow: soapimplimentationFlow
2018-01-04 15:57:47,994 [Mule.app.deployer.monitor.1.thread.1] INFO  org.mule.processor.SedaStageLifecycleManager - Stopping service: soapimplimentationFlow.stage1
2018-01-04 15:57:48,189 [Mule.app.deployer.monitor.1.thread.1] INFO  org.mule.component.ComponentLifecycleManager - Stopping component: component.356539350
2018-01-04 15:57:48,205 [Mule.app.deployer.monitor.1.thread.1] INFO  org.mule.lifecycle.AbstractLifecycleManager - Stopping model: _muleSystemModel
2018-01-04 15:57:48,276 [Mule.app.deployer.monitor.1.thread.1] INFO  org.mule.module.http.internal.listener.DefaultHttpListenerConfig - Stopped listener on http://0.0.0.0:8081
2018-01-04 15:57:48,276 [Mule.app.deployer.monitor.1.thread.1] INFO  org.mule.util.queue.QueueXaResourceManager - Stopping ResourceManager
2018-01-04 15:57:48,276 [Mule.app.deployer.monitor.1.thread.1] INFO  org.mule.util.queue.QueueXaResourceManager - Stopped ResourceManager
2018-01-04 15:57:48,297 [Mule.app.deployer.monitor.1.thread.1] INFO  org.mule.module.launcher.application.DefaultMuleApplication - 
++++++++++++++++++++++++++++++++++++++++++++++++++++++++++++
+ Disposing app 'soapimplimentation'                       +
++++++++++++++++++++++++++++++++++++++++++++++++++++++++++++
2018-01-04 15:57:48,301 [Mule.app.deployer.monitor.1.thread.1] INFO  org.mule.lifecycle.AbstractLifecycleManager - Disposing RegistryBroker
2018-01-04 15:57:48,305 [Mule.app.deployer.monitor.1.thread.1] INFO  org.mule.construct.FlowConstructLifecycleManager - Disposing flow: soapimplimentationFlow
2018-01-04 15:57:48,309 [Mule.app.deployer.monitor.1.thread.1] INFO  org.mule.processor.SedaStageLifecycleManager - Disposing service: soapimplimentationFlow.stage1
2018-01-04 15:57:48,309 [Mule.app.deployer.monitor.1.thread.1] INFO  org.mule.component.ComponentLifecycleManager - Disposing component: component.356539350
2018-01-04 15:57:48,313 [Mule.app.deployer.monitor.1.thread.1] INFO  org.mule.lifecycle.AbstractLifecycleManager - Disposing model: _muleSystemModel
2018-01-04 15:57:48,541 [Mule.app.deployer.monitor.1.thread.1] INFO  org.mule.config.spring.MuleArtifactContext - Closing org.mule.config.spring.MuleArtifactContext@3d6300e8: startup date [Thu Jan 04 15:55:25 IST 2018]; root of context hierarchy
2018-01-04 15:57:48,609 [Mule.app.deployer.monitor.1.thread.1] INFO  org.mule.DefaultMuleContext - 
**********************************************************************
* Application "soapimplimentation" shut down normally on: 1/4/18     *
* 3:57 PM                                                            *
* Up for: 0 days, 0 hours, 2 mins, 11.179 sec                        *
**********************************************************************
2018-01-04 15:57:48,931 [Mule.app.deployer.monitor.1.thread.1] INFO  org.mule.module.launcher.application.DefaultMuleApplication - 
++++++++++++++++++++++++++++++++++++++++++++++++++++++++++++
+ Initializing app 'soapimplimentation'                    +
++++++++++++++++++++++++++++++++++++++++++++++++++++++++++++
2018-01-04 15:57:48,943 [Mule.app.deployer.monitor.1.thread.1] WARN  com.mulesoft.module.client.APIPlatformClientCoreExtension - Client ID or Client Secret were not provided. API Manager client is DISABLED for app soapimplimentation
2018-01-04 15:57:48,951 [Mule.app.deployer.monitor.1.thread.1] INFO  org.mule.lifecycle.AbstractLifecycleManager - Initialising RegistryBroker
2018-01-04 15:57:48,959 [Mule.app.deployer.monitor.1.thread.1] INFO  org.mule.module.extension.internal.manager.DefaultExtensionManager - Starting discovery of extensions
2018-01-04 15:57:49,003 [Mule.app.deployer.monitor.1.thread.1] INFO  org.mule.module.extension.internal.manager.DefaultExtensionManager - Discovered 1 extensions
2018-01-04 15:57:49,003 [Mule.app.deployer.monitor.1.thread.1] INFO  org.mule.module.extension.internal.manager.DefaultExtensionManager - Registering extension validation (version 3.8)
2018-01-04 15:57:49,014 [Mule.app.deployer.monitor.1.thread.1] INFO  org.mule.config.spring.MuleArtifactContext - Refreshing org.mule.config.spring.MuleArtifactContext@29b8443c: startup date [Thu Jan 04 15:57:49 IST 2018]; root of context hierarchy
2018-01-04 15:57:49,580 [Mule.app.deployer.monitor.1.thread.1] INFO  org.mule.config.spring.processors.NoDevkitInjectorProcessor - JSR-330 'javax.inject.Inject' annotation found and supported for autowiring
2018-01-04 15:57:50,229 [Mule.app.deployer.monitor.1.thread.1] INFO  org.mule.util.journal.TransactionJournal - Using files for tx logs C:\Users\M1042933\AnypointStudio\workspace\.mule\.\.mule\soapimplimentation\queue-tx-log\tx1.log and C:\Users\M1042933\AnypointStudio\workspace\.mule\.\.mule\soapimplimentation\queue-tx-log\tx2.log
2018-01-04 15:57:50,237 [Mule.app.deployer.monitor.1.thread.1] INFO  org.mule.util.journal.TransactionJournal - Using files for tx logs C:\Users\M1042933\AnypointStudio\workspace\.mule\.\.mule\soapimplimentation\queue-xa-tx-log\tx1.log and C:\Users\M1042933\AnypointStudio\workspace\.mule\.\.mule\soapimplimentation\queue-xa-tx-log\tx2.log
2018-01-04 15:57:50,261 [Mule.app.deployer.monitor.1.thread.1] INFO  org.mule.lifecycle.AbstractLifecycleManager - Initialising model: _muleSystemModel
2018-01-04 15:57:50,276 [Mule.app.deployer.monitor.1.thread.1] INFO  org.mule.construct.FlowConstructLifecycleManager - Initialising flow: soapimplimentationFlow
2018-01-04 15:57:50,276 [Mule.app.deployer.monitor.1.thread.1] INFO  org.mule.exception.DefaultMessagingExceptionStrategy - Initialising exception listener: org.mule.exception.DefaultMessagingExceptionStrategy@7ab70d84
2018-01-04 15:57:50,305 [Mule.app.deployer.monitor.1.thread.1] INFO  org.mule.processor.SedaStageLifecycleManager - Initialising service: soapimplimentationFlow.stage1
2018-01-04 15:57:50,385 [Mule.app.deployer.monitor.1.thread.1] INFO  org.mule.module.cxf.config.WebServiceFactoryBean - Built CXF Inbound MessageProcessor for service class com.main.AddInterface
2018-01-04 15:57:50,533 [Mule.app.deployer.monitor.1.thread.1] INFO  org.mule.component.ComponentLifecycleManager - Initialising component: component.1021603436
2018-01-04 15:57:50,651 [Mule.app.deployer.monitor.1.thread.1] INFO  org.mule.config.spring.SpringXmlConfigurationBuilder - Configured Mule using "org.mule.config.spring.SpringXmlConfigurationBuilder" with configuration resource(s): "[ConfigResource{resourceName='C:\Users\M1042933\AnypointStudio\workspace\.mule\apps\soapimplimentation\soapimplimentation.xml'}]"
2018-01-04 15:57:50,651 [Mule.app.deployer.monitor.1.thread.1] INFO  org.mule.config.builders.AutoConfigurationBuilder - Configured Mule using "org.mule.config.builders.AutoConfigurationBuilder" with configuration resource(s): "[ConfigResource{resourceName='C:\Users\M1042933\AnypointStudio\workspace\.mule\apps\soapimplimentation\soapimplimentation.xml'}]"
2018-01-04 15:57:53,675 [Mule.app.deployer.monitor.1.thread.1] INFO  org.mule.module.launcher.application.DefaultMuleApplication - 
++++++++++++++++++++++++++++++++++++++++++++++++++++++++++++
+ Starting app 'soapimplimentation'                        +
++++++++++++++++++++++++++++++++++++++++++++++++++++++++++++
2018-01-04 15:57:53,681 [Mule.app.deployer.monitor.1.thread.1] INFO  org.mule.util.queue.QueueXaResourceManager - Starting ResourceManager
2018-01-04 15:57:53,681 [Mule.app.deployer.monitor.1.thread.1] INFO  org.mule.util.queue.QueueXaResourceManager - Started ResourceManager
2018-01-04 15:57:53,758 [Mule.app.deployer.monitor.1.thread.1] INFO  org.mule.module.http.internal.listener.DefaultHttpListenerConfig - Listening for requests on http://0.0.0.0:8081
2018-01-04 15:57:53,766 [Mule.app.deployer.monitor.1.thread.1] INFO  org.mule.modules.oauth2.provider.agents.DefaultSplashScreenAgent - 
++++++++++++++++++++++++++++++++++++++++++++++++++++++++++++++++++++++++++++++++
+ DevKit Extensions (0) used in this application 
                             +
++++++++++++++++++++++++++++++++++++++++++++++++++++++++++++++++++++++++++++++++
2018-01-04 15:57:53,770 [Mule.app.deployer.monitor.1.thread.1] INFO  org.mule.lifecycle.AbstractLifecycleManager - Starting model: _muleSystemModel
2018-01-04 15:57:53,770 [Mule.app.deployer.monitor.1.thread.1] INFO  org.mule.construct.FlowConstructLifecycleManager - Starting flow: soapimplimentationFlow
2018-01-04 15:57:53,770 [Mule.app.deployer.monitor.1.thread.1] INFO  org.mule.processor.SedaStageLifecycleManager - Starting service: soapimplimentationFlow.stage1
2018-01-04 15:57:53,778 [Mule.app.deployer.monitor.1.thread.1] INFO  org.mule.component.ComponentLifecycleManager - Starting component: component.1021603436
2018-01-04 15:57:53,794 [Mule.app.deployer.monitor.1.thread.1] INFO  org.mule.module.management.agent.WrapperManagerAgent - This JVM hasn't been launched by the wrapper, the agent will not run.
2018-01-04 15:57:53,802 [Mule.app.deployer.monitor.1.thread.1] INFO  org.mule.DefaultMuleContext - 
**********************************************************************
* Application: soapimplimentation                                    *
* OS encoding: \, Mule encoding: UTF-8                               *
*                                                                    *
* Agents Running:                                                    *
*   Batch module default engine                                      *
*   JMX Agent                                                        *
*   DevKit Extension Information                                     *
*   Wrapper Manager                                                  *
**********************************************************************
2018-01-04 16:01:15,123 [main] INFO  org.mule.module.launcher.application.DefaultMuleApplication - 
++++++++++++++++++++++++++++++++++++++++++++++++++++++++++++
+ Initializing app 'soapimplimentation'                    +
++++++++++++++++++++++++++++++++++++++++++++++++++++++++++++
2018-01-04 16:01:15,528 [main] INFO  org.mule.lifecycle.AbstractLifecycleManager - Initialising RegistryBroker
2018-01-04 16:01:15,758 [main] INFO  org.mule.module.extension.internal.manager.DefaultExtensionManager - Starting discovery of extensions
2018-01-04 16:01:15,976 [main] INFO  org.mule.module.extension.internal.manager.DefaultExtensionManager - Discovered 1 extensions
2018-01-04 16:01:15,980 [main] INFO  org.mule.module.extension.internal.manager.DefaultExtensionManager - Registering extension validation (version 3.8)
2018-01-04 16:01:16,139 [main] INFO  org.mule.config.spring.MuleArtifactContext - Refreshing org.mule.config.spring.MuleArtifactContext@3d6300e8: startup date [Thu Jan 04 16:01:16 IST 2018]; root of context hierarchy
2018-01-04 16:01:18,894 [main] INFO  org.mule.config.spring.processors.NoDevkitInjectorProcessor - JSR-330 'javax.inject.Inject' annotation found and supported for autowiring
2018-01-04 16:01:20,453 [main] WARN  org.mule.module.ognl.expression.OgnlExpressionEvaluator - OGNL module is deprecated and will be removed in Mule 4.0. Use MEL expressions instead.
2018-01-04 16:01:21,622 [main] INFO  org.mule.util.journal.TransactionJournal - Using files for tx logs C:\Users\M1042933\AnypointStudio\workspace\.mule\.\.mule\soapimplimentation\queue-tx-log\tx1.log and C:\Users\M1042933\AnypointStudio\workspace\.mule\.\.mule\soapimplimentation\queue-tx-log\tx2.log
2018-01-04 16:01:21,645 [main] INFO  org.mule.util.journal.TransactionJournal - Using files for tx logs C:\Users\M1042933\AnypointStudio\workspace\.mule\.\.mule\soapimplimentation\queue-xa-tx-log\tx1.log and C:\Users\M1042933\AnypointStudio\workspace\.mule\.\.mule\soapimplimentation\queue-xa-tx-log\tx2.log
2018-01-04 16:01:21,831 [main] INFO  org.mule.lifecycle.AbstractLifecycleManager - Initialising model: _muleSystemModel
2018-01-04 16:01:21,839 [main] INFO  org.mule.construct.FlowConstructLifecycleManager - Initialising flow: soapimplimentationFlow
2018-01-04 16:01:21,839 [main] INFO  org.mule.exception.DefaultMessagingExceptionStrategy - Initialising exception listener: org.mule.exception.DefaultMessagingExceptionStrategy@1b01a0d
2018-01-04 16:01:21,887 [main] INFO  org.mule.processor.SedaStageLifecycleManager - Initialising service: soapimplimentationFlow.stage1
2018-01-04 16:01:22,334 [main] INFO  org.mule.module.cxf.config.WebServiceFactoryBean - Built CXF Inbound MessageProcessor for service class com.main.AddInterface
2018-01-04 16:01:23,593 [main] INFO  org.mule.component.ComponentLifecycleManager - Initialising component: component.356539350
2018-01-04 16:01:24,202 [main] INFO  org.mule.config.spring.SpringXmlConfigurationBuilder - Configured Mule using "org.mule.config.spring.SpringXmlConfigurationBuilder" with configuration resource(s): "[ConfigResource{resourceName='C:\Users\M1042933\AnypointStudio\workspace\.mule\apps\soapimplimentation\soapimplimentation.xml'}]"
2018-01-04 16:01:24,202 [main] INFO  org.mule.config.builders.AutoConfigurationBuilder - Configured Mule using "org.mule.config.builders.AutoConfigurationBuilder" with configuration resource(s): "[ConfigResource{resourceName='C:\Users\M1042933\AnypointStudio\workspace\.mule\apps\soapimplimentation\soapimplimentation.xml'}]"
2018-01-04 16:01:27,242 [main] INFO  org.mule.module.launcher.application.DefaultMuleApplication - 
++++++++++++++++++++++++++++++++++++++++++++++++++++++++++++
+ Starting app 'soapimplimentation'                        +
++++++++++++++++++++++++++++++++++++++++++++++++++++++++++++
2018-01-04 16:01:27,250 [main] INFO  org.mule.util.queue.QueueXaResourceManager - Starting ResourceManager
2018-01-04 16:01:27,250 [main] INFO  org.mule.util.queue.QueueXaResourceManager - Started ResourceManager
2018-01-04 16:01:27,402 [main] INFO  org.mule.module.http.internal.listener.DefaultHttpListenerConfig - Listening for requests on http://0.0.0.0:8081
2018-01-04 16:01:27,410 [main] INFO  org.mule.modules.oauth2.provider.agents.DefaultSplashScreenAgent - 
++++++++++++++++++++++++++++++++++++++++++++++++++++++++++++++++++++++++++++++++
+ DevKit Extensions (0) used in this application 
                             +
++++++++++++++++++++++++++++++++++++++++++++++++++++++++++++++++++++++++++++++++
2018-01-04 16:01:27,410 [main] INFO  org.mule.lifecycle.AbstractLifecycleManager - Starting model: _muleSystemModel
2018-01-04 16:01:27,414 [main] INFO  org.mule.construct.FlowConstructLifecycleManager - Starting flow: soapimplimentationFlow
2018-01-04 16:01:27,418 [main] INFO  org.mule.processor.SedaStageLifecycleManager - Starting service: soapimplimentationFlow.stage1
2018-01-04 16:01:27,426 [main] INFO  org.mule.component.ComponentLifecycleManager - Starting component: component.356539350
2018-01-04 16:01:27,518 [main] INFO  org.mule.module.management.agent.WrapperManagerAgent - This JVM hasn't been launched by the wrapper, the agent will not run.
2018-01-04 16:01:27,558 [main] INFO  org.mule.DefaultMuleContext - 
**********************************************************************
* Application: soapimplimentation                                    *
* OS encoding: \, Mule encoding: UTF-8                               *
*                                                                    *
* Agents Running:                                                    *
*   Batch module default engine                                      *
*   JMX Agent                                                        *
*   DevKit Extension Information                                     *
*   Wrapper Manager                                                  *
**********************************************************************
2018-01-04 16:04:26,491 [main] INFO  org.mule.module.launcher.application.DefaultMuleApplication - 
++++++++++++++++++++++++++++++++++++++++++++++++++++++++++++
+ Initializing app 'soapimplimentation'                    +
++++++++++++++++++++++++++++++++++++++++++++++++++++++++++++
2018-01-04 16:04:26,890 [main] INFO  org.mule.lifecycle.AbstractLifecycleManager - Initialising RegistryBroker
2018-01-04 16:04:27,105 [main] INFO  org.mule.module.extension.internal.manager.DefaultExtensionManager - Starting discovery of extensions
2018-01-04 16:04:27,315 [main] INFO  org.mule.module.extension.internal.manager.DefaultExtensionManager - Discovered 1 extensions
2018-01-04 16:04:27,319 [main] INFO  org.mule.module.extension.internal.manager.DefaultExtensionManager - Registering extension validation (version 3.8)
2018-01-04 16:04:27,483 [main] INFO  org.mule.config.spring.MuleArtifactContext - Refreshing org.mule.config.spring.MuleArtifactContext@3d6300e8: startup date [Thu Jan 04 16:04:27 IST 2018]; root of context hierarchy
2018-01-04 16:04:30,246 [main] INFO  org.mule.config.spring.processors.NoDevkitInjectorProcessor - JSR-330 'javax.inject.Inject' annotation found and supported for autowiring
2018-01-04 16:04:32,005 [main] WARN  org.mule.module.ognl.expression.OgnlExpressionEvaluator - OGNL module is deprecated and will be removed in Mule 4.0. Use MEL expressions instead.
2018-01-04 16:04:33,122 [main] INFO  org.mule.util.journal.TransactionJournal - Using files for tx logs C:\Users\M1042933\AnypointStudio\workspace\.mule\.\.mule\soapimplimentation\queue-tx-log\tx1.log and C:\Users\M1042933\AnypointStudio\workspace\.mule\.\.mule\soapimplimentation\queue-tx-log\tx2.log
2018-01-04 16:04:33,170 [main] INFO  org.mule.util.journal.TransactionJournal - Using files for tx logs C:\Users\M1042933\AnypointStudio\workspace\.mule\.\.mule\soapimplimentation\queue-xa-tx-log\tx1.log and C:\Users\M1042933\AnypointStudio\workspace\.mule\.\.mule\soapimplimentation\queue-xa-tx-log\tx2.log
2018-01-04 16:04:33,369 [main] INFO  org.mule.lifecycle.AbstractLifecycleManager - Initialising model: _muleSystemModel
2018-01-04 16:04:33,373 [main] INFO  org.mule.construct.FlowConstructLifecycleManager - Initialising flow: soapimplimentationFlow
2018-01-04 16:04:33,373 [main] INFO  org.mule.exception.DefaultMessagingExceptionStrategy - Initialising exception listener: org.mule.exception.DefaultMessagingExceptionStrategy@1b01a0d
2018-01-04 16:04:33,429 [main] INFO  org.mule.processor.SedaStageLifecycleManager - Initialising service: soapimplimentationFlow.stage1
2018-01-04 16:04:33,867 [main] INFO  org.mule.module.cxf.config.WebServiceFactoryBean - Built CXF Inbound MessageProcessor for service class com.main.AddInterface
2018-01-04 16:04:35,348 [main] INFO  org.mule.component.ComponentLifecycleManager - Initialising component: component.356539350
2018-01-04 16:04:36,013 [main] INFO  org.mule.config.spring.SpringXmlConfigurationBuilder - Configured Mule using "org.mule.config.spring.SpringXmlConfigurationBuilder" with configuration resource(s): "[ConfigResource{resourceName='C:\Users\M1042933\AnypointStudio\workspace\.mule\apps\soapimplimentation\soapimplimentation.xml'}]"
2018-01-04 16:04:36,013 [main] INFO  org.mule.config.builders.AutoConfigurationBuilder - Configured Mule using "org.mule.config.builders.AutoConfigurationBuilder" with configuration resource(s): "[ConfigResource{resourceName='C:\Users\M1042933\AnypointStudio\workspace\.mule\apps\soapimplimentation\soapimplimentation.xml'}]"
2018-01-04 16:04:39,063 [main] INFO  org.mule.module.launcher.application.DefaultMuleApplication - 
++++++++++++++++++++++++++++++++++++++++++++++++++++++++++++
+ Starting app 'soapimplimentation'                        +
++++++++++++++++++++++++++++++++++++++++++++++++++++++++++++
2018-01-04 16:04:39,074 [main] INFO  org.mule.util.queue.QueueXaResourceManager - Starting ResourceManager
2018-01-04 16:04:39,074 [main] INFO  org.mule.util.queue.QueueXaResourceManager - Started ResourceManager
2018-01-04 16:04:39,221 [main] INFO  org.mule.module.http.internal.listener.DefaultHttpListenerConfig - Listening for requests on http://0.0.0.0:8081
2018-01-04 16:04:39,229 [main] INFO  org.mule.modules.oauth2.provider.agents.DefaultSplashScreenAgent - 
++++++++++++++++++++++++++++++++++++++++++++++++++++++++++++++++++++++++++++++++
+ DevKit Extensions (0) used in this application 
                             +
++++++++++++++++++++++++++++++++++++++++++++++++++++++++++++++++++++++++++++++++
2018-01-04 16:04:39,233 [main] INFO  org.mule.lifecycle.AbstractLifecycleManager - Starting model: _muleSystemModel
2018-01-04 16:04:39,233 [main] INFO  org.mule.construct.FlowConstructLifecycleManager - Starting flow: soapimplimentationFlow
2018-01-04 16:04:39,237 [main] INFO  org.mule.processor.SedaStageLifecycleManager - Starting service: soapimplimentationFlow.stage1
2018-01-04 16:04:39,241 [main] INFO  org.mule.component.ComponentLifecycleManager - Starting component: component.356539350
2018-01-04 16:04:39,359 [main] INFO  org.mule.module.management.agent.WrapperManagerAgent - This JVM hasn't been launched by the wrapper, the agent will not run.
2018-01-04 16:04:39,407 [main] INFO  org.mule.DefaultMuleContext - 
**********************************************************************
* Application: soapimplimentation                                    *
* OS encoding: \, Mule encoding: UTF-8                               *
*                                                                    *
* Agents Running:                                                    *
*   Batch module default engine                                      *
*   JMX Agent                                                        *
*   DevKit Extension Information                                     *
*   Wrapper Manager                                                  *
**********************************************************************
2018-01-04 16:05:59,768 [main] INFO  org.mule.module.launcher.application.DefaultMuleApplication - 
++++++++++++++++++++++++++++++++++++++++++++++++++++++++++++
+ Initializing app 'soapimplimentation'                    +
++++++++++++++++++++++++++++++++++++++++++++++++++++++++++++
2018-01-04 16:05:59,776 [main] WARN  com.mulesoft.module.client.APIPlatformClientCoreExtension - Client ID or Client Secret were not provided. API Manager client is DISABLED for app soap
2018-01-04 16:05:59,780 [main] INFO  org.mule.lifecycle.AbstractLifecycleManager - Initialising RegistryBroker
2018-01-04 16:05:59,788 [main] INFO  org.mule.module.extension.internal.manager.DefaultExtensionManager - Starting discovery of extensions
2018-01-04 16:05:59,820 [main] INFO  org.mule.module.extension.internal.manager.DefaultExtensionManager - Discovered 1 extensions
2018-01-04 16:05:59,820 [main] INFO  org.mule.module.extension.internal.manager.DefaultExtensionManager - Registering extension validation (version 3.8)
2018-01-04 16:05:59,832 [main] INFO  org.mule.config.spring.MuleArtifactContext - Refreshing org.mule.config.spring.MuleArtifactContext@28367da7: startup date [Thu Jan 04 16:05:59 IST 2018]; root of context hierarchy
2018-01-04 16:06:00,623 [main] INFO  org.mule.config.spring.processors.NoDevkitInjectorProcessor - JSR-330 'javax.inject.Inject' annotation found and supported for autowiring
2018-01-04 16:06:01,009 [main] INFO  org.mule.util.journal.TransactionJournal - Using files for tx logs C:\Users\M1042933\AnypointStudio\workspace\.mule\.\.mule\soapimplimentation\queue-tx-log\tx1.log and C:\Users\M1042933\AnypointStudio\workspace\.mule\.\.mule\soapimplimentation\queue-tx-log\tx2.log
2018-01-04 16:06:01,013 [main] INFO  org.mule.util.journal.TransactionJournal - Using files for tx logs C:\Users\M1042933\AnypointStudio\workspace\.mule\.\.mule\soapimplimentation\queue-xa-tx-log\tx1.log and C:\Users\M1042933\AnypointStudio\workspace\.mule\.\.mule\soapimplimentation\queue-xa-tx-log\tx2.log
2018-01-04 16:06:01,037 [main] INFO  org.mule.lifecycle.AbstractLifecycleManager - Initialising model: _muleSystemModel
2018-01-04 16:06:01,041 [main] INFO  org.mule.construct.FlowConstructLifecycleManager - Initialising flow: soapimplimentationFlow
2018-01-04 16:06:01,041 [main] INFO  org.mule.exception.DefaultMessagingExceptionStrategy - Initialising exception listener: org.mule.exception.DefaultMessagingExceptionStrategy@369ad7da
2018-01-04 16:06:01,057 [main] INFO  org.mule.processor.SedaStageLifecycleManager - Initialising service: soapimplimentationFlow.stage1
2018-01-04 16:06:01,153 [main] INFO  org.mule.module.cxf.config.WebServiceFactoryBean - Built CXF Inbound MessageProcessor for service class com.main.AddInterface
2018-01-04 16:06:02,080 [main] INFO  org.mule.component.ComponentLifecycleManager - Initialising component: component.1663443057
2018-01-04 16:06:02,135 [main] INFO  org.mule.config.spring.SpringXmlConfigurationBuilder - Configured Mule using "org.mule.config.spring.SpringXmlConfigurationBuilder" with configuration resource(s): "[ConfigResource{resourceName='C:\Users\M1042933\AnypointStudio\workspace\.mule\apps\soapimplimentation\soapimplimentation.xml'}]"
2018-01-04 16:06:02,135 [main] INFO  org.mule.config.builders.AutoConfigurationBuilder - Configured Mule using "org.mule.config.builders.AutoConfigurationBuilder" with configuration resource(s): "[ConfigResource{resourceName='C:\Users\M1042933\AnypointStudio\workspace\.mule\apps\soapimplimentation\soapimplimentation.xml'}]"
2018-01-04 16:06:05,165 [main] INFO  org.mule.module.launcher.application.DefaultMuleApplication - 
++++++++++++++++++++++++++++++++++++++++++++++++++++++++++++
+ Starting app 'soapimplimentation'                        +
++++++++++++++++++++++++++++++++++++++++++++++++++++++++++++
2018-01-04 16:06:05,172 [main] INFO  org.mule.util.queue.QueueXaResourceManager - Starting ResourceManager
2018-01-04 16:06:05,172 [main] INFO  org.mule.util.queue.QueueXaResourceManager - Started ResourceManager
2018-01-04 16:06:05,232 [main] INFO  org.mule.module.http.internal.listener.DefaultHttpListenerConfig - Listening for requests on http://0.0.0.0:8081
2018-01-04 16:06:05,240 [main] INFO  org.mule.modules.oauth2.provider.agents.DefaultSplashScreenAgent - 
++++++++++++++++++++++++++++++++++++++++++++++++++++++++++++++++++++++++++++++++
+ DevKit Extensions (0) used in this application 
                             +
++++++++++++++++++++++++++++++++++++++++++++++++++++++++++++++++++++++++++++++++
2018-01-04 16:06:05,244 [main] INFO  org.mule.lifecycle.AbstractLifecycleManager - Starting model: _muleSystemModel
2018-01-04 16:06:05,244 [main] INFO  org.mule.construct.FlowConstructLifecycleManager - Starting flow: soapimplimentationFlow
2018-01-04 16:06:05,244 [main] INFO  org.mule.processor.SedaStageLifecycleManager - Starting service: soapimplimentationFlow.stage1
2018-01-04 16:06:05,252 [main] INFO  org.mule.component.ComponentLifecycleManager - Starting component: component.1663443057
2018-01-04 16:06:05,272 [main] INFO  org.mule.module.management.agent.WrapperManagerAgent - This JVM hasn't been launched by the wrapper, the agent will not run.
2018-01-04 16:06:05,280 [main] INFO  org.mule.DefaultMuleContext - 
**********************************************************************
* Application: soapimplimentation                                    *
* OS encoding: \, Mule encoding: UTF-8                               *
*                                                                    *
* Agents Running:                                                    *
*   Batch module default engine                                      *
*   JMX Agent                                                        *
*   DevKit Extension Information                                     *
*   Wrapper Manager                                                  *
**********************************************************************
2018-01-04 16:11:49,501 [main] INFO  org.mule.module.launcher.application.DefaultMuleApplication - 
++++++++++++++++++++++++++++++++++++++++++++++++++++++++++++
+ Initializing app 'soapimplimentation'                    +
++++++++++++++++++++++++++++++++++++++++++++++++++++++++++++
2018-01-04 16:11:49,525 [main] WARN  com.mulesoft.module.client.APIPlatformClientCoreExtension - Client ID or Client Secret were not provided. API Manager client is DISABLED for app soap
2018-01-04 16:11:49,533 [main] INFO  org.mule.lifecycle.AbstractLifecycleManager - Initialising RegistryBroker
2018-01-04 16:11:49,565 [main] INFO  org.mule.module.extension.internal.manager.DefaultExtensionManager - Starting discovery of extensions
2018-01-04 16:11:49,677 [main] INFO  org.mule.module.extension.internal.manager.DefaultExtensionManager - Discovered 1 extensions
2018-01-04 16:11:49,680 [main] INFO  org.mule.module.extension.internal.manager.DefaultExtensionManager - Registering extension validation (version 3.8)
2018-01-04 16:11:49,697 [main] INFO  org.mule.config.spring.MuleArtifactContext - Refreshing org.mule.config.spring.MuleArtifactContext@4342c13: startup date [Thu Jan 04 16:11:49 IST 2018]; root of context hierarchy
2018-01-04 16:11:51,796 [main] INFO  org.mule.config.spring.processors.NoDevkitInjectorProcessor - JSR-330 'javax.inject.Inject' annotation found and supported for autowiring
2018-01-04 16:11:52,091 [main] INFO  org.mule.util.journal.TransactionJournal - Using files for tx logs C:\Users\M1042933\AnypointStudio\workspace\.mule\.\.mule\soapimplimentation\queue-tx-log\tx1.log and C:\Users\M1042933\AnypointStudio\workspace\.mule\.\.mule\soapimplimentation\queue-tx-log\tx2.log
2018-01-04 16:11:52,091 [main] INFO  org.mule.util.journal.TransactionJournal - Using files for tx logs C:\Users\M1042933\AnypointStudio\workspace\.mule\.\.mule\soapimplimentation\queue-xa-tx-log\tx1.log and C:\Users\M1042933\AnypointStudio\workspace\.mule\.\.mule\soapimplimentation\queue-xa-tx-log\tx2.log
2018-01-04 16:11:52,122 [main] INFO  org.mule.lifecycle.AbstractLifecycleManager - Initialising model: _muleSystemModel
2018-01-04 16:11:52,122 [main] INFO  org.mule.construct.FlowConstructLifecycleManager - Initialising flow: soapimplimentationFlow
2018-01-04 16:11:52,122 [main] INFO  org.mule.exception.DefaultMessagingExceptionStrategy - Initialising exception listener: org.mule.exception.DefaultMessagingExceptionStrategy@5b48f0f4
2018-01-04 16:11:52,138 [main] INFO  org.mule.processor.SedaStageLifecycleManager - Initialising service: soapimplimentationFlow.stage1
2018-01-04 16:11:52,641 [main] INFO  org.mule.module.cxf.config.WebServiceFactoryBean - Built CXF Inbound MessageProcessor for service class com.main.AddInterface
2018-01-04 16:11:53,778 [main] INFO  org.mule.component.ComponentLifecycleManager - Initialising component: component.1500020749
2018-01-04 16:11:54,213 [main] INFO  org.mule.config.spring.SpringXmlConfigurationBuilder - Configured Mule using "org.mule.config.spring.SpringXmlConfigurationBuilder" with configuration resource(s): "[ConfigResource{resourceName='C:\Users\M1042933\AnypointStudio\workspace\.mule\apps\soapimplimentation\soapimplimentation.xml'}]"
2018-01-04 16:11:54,213 [main] INFO  org.mule.config.builders.AutoConfigurationBuilder - Configured Mule using "org.mule.config.builders.AutoConfigurationBuilder" with configuration resource(s): "[ConfigResource{resourceName='C:\Users\M1042933\AnypointStudio\workspace\.mule\apps\soapimplimentation\soapimplimentation.xml'}]"
2018-01-04 16:11:57,248 [main] INFO  org.mule.module.launcher.application.DefaultMuleApplication - 
++++++++++++++++++++++++++++++++++++++++++++++++++++++++++++
+ Starting app 'soapimplimentation'                        +
++++++++++++++++++++++++++++++++++++++++++++++++++++++++++++
2018-01-04 16:11:57,266 [main] INFO  org.mule.util.queue.QueueXaResourceManager - Starting ResourceManager
2018-01-04 16:11:57,266 [main] INFO  org.mule.util.queue.QueueXaResourceManager - Started ResourceManager
2018-01-04 16:11:57,394 [main] INFO  org.mule.module.http.internal.listener.DefaultHttpListenerConfig - Listening for requests on http://0.0.0.0:8081
2018-01-04 16:11:57,398 [main] INFO  org.mule.modules.oauth2.provider.agents.DefaultSplashScreenAgent - 
++++++++++++++++++++++++++++++++++++++++++++++++++++++++++++++++++++++++++++++++
+ DevKit Extensions (0) used in this application 
                             +
++++++++++++++++++++++++++++++++++++++++++++++++++++++++++++++++++++++++++++++++
2018-01-04 16:11:57,402 [main] INFO  org.mule.lifecycle.AbstractLifecycleManager - Starting model: _muleSystemModel
2018-01-04 16:11:57,402 [main] INFO  org.mule.construct.FlowConstructLifecycleManager - Starting flow: soapimplimentationFlow
2018-01-04 16:11:57,406 [main] INFO  org.mule.processor.SedaStageLifecycleManager - Starting service: soapimplimentationFlow.stage1
2018-01-04 16:11:57,414 [main] INFO  org.mule.component.ComponentLifecycleManager - Starting component: component.1500020749
2018-01-04 16:11:57,466 [main] INFO  org.mule.module.management.agent.WrapperManagerAgent - This JVM hasn't been launched by the wrapper, the agent will not run.
2018-01-04 16:11:57,502 [main] INFO  org.mule.DefaultMuleContext - 
**********************************************************************
* Application: soapimplimentation                                    *
* OS encoding: \, Mule encoding: UTF-8                               *
*                                                                    *
* Agents Running:                                                    *
*   Batch module default engine                                      *
*   JMX Agent                                                        *
*   DevKit Extension Information                                     *
*   Wrapper Manager                                                  *
**********************************************************************
2018-01-04 16:36:54,785 [main] INFO  org.mule.module.launcher.application.DefaultMuleApplication - 
++++++++++++++++++++++++++++++++++++++++++++++++++++++++++++
+ Initializing app 'soapimplimentation'                    +
++++++++++++++++++++++++++++++++++++++++++++++++++++++++++++
2018-01-04 16:36:55,187 [main] INFO  org.mule.lifecycle.AbstractLifecycleManager - Initialising RegistryBroker
2018-01-04 16:36:55,409 [main] INFO  org.mule.module.extension.internal.manager.DefaultExtensionManager - Starting discovery of extensions
2018-01-04 16:36:55,623 [main] INFO  org.mule.module.extension.internal.manager.DefaultExtensionManager - Discovered 1 extensions
2018-01-04 16:36:55,625 [main] INFO  org.mule.module.extension.internal.manager.DefaultExtensionManager - Registering extension validation (version 3.8)
2018-01-04 16:36:55,778 [main] INFO  org.mule.config.spring.MuleArtifactContext - Refreshing org.mule.config.spring.MuleArtifactContext@3d6300e8: startup date [Thu Jan 04 16:36:55 IST 2018]; root of context hierarchy
2018-01-04 16:36:58,629 [main] INFO  org.mule.config.spring.processors.NoDevkitInjectorProcessor - JSR-330 'javax.inject.Inject' annotation found and supported for autowiring
2018-01-04 16:37:00,284 [main] WARN  org.mule.module.ognl.expression.OgnlExpressionEvaluator - OGNL module is deprecated and will be removed in Mule 4.0. Use MEL expressions instead.
2018-01-04 16:37:01,394 [main] INFO  org.mule.util.journal.TransactionJournal - Using files for tx logs C:\Users\M1042933\AnypointStudio\workspace\.mule\.\.mule\soapimplimentation\queue-tx-log\tx1.log and C:\Users\M1042933\AnypointStudio\workspace\.mule\.\.mule\soapimplimentation\queue-tx-log\tx2.log
2018-01-04 16:37:01,436 [main] INFO  org.mule.util.journal.TransactionJournal - Using files for tx logs C:\Users\M1042933\AnypointStudio\workspace\.mule\.\.mule\soapimplimentation\queue-xa-tx-log\tx1.log and C:\Users\M1042933\AnypointStudio\workspace\.mule\.\.mule\soapimplimentation\queue-xa-tx-log\tx2.log
2018-01-04 16:37:01,647 [main] INFO  org.mule.lifecycle.AbstractLifecycleManager - Initialising model: _muleSystemModel
2018-01-04 16:37:01,657 [main] INFO  org.mule.construct.FlowConstructLifecycleManager - Initialising flow: soapimplimentationFlow
2018-01-04 16:37:01,658 [main] INFO  org.mule.exception.DefaultMessagingExceptionStrategy - Initialising exception listener: org.mule.exception.DefaultMessagingExceptionStrategy@1b01a0d
2018-01-04 16:37:01,716 [main] INFO  org.mule.processor.SedaStageLifecycleManager - Initialising service: soapimplimentationFlow.stage1
2018-01-04 16:37:02,144 [main] INFO  org.mule.module.cxf.config.WebServiceFactoryBean - Built CXF Inbound MessageProcessor for service class com.main.AddInterface
2018-01-04 16:37:03,459 [main] INFO  org.mule.component.ComponentLifecycleManager - Initialising component: component.356539350
2018-01-04 16:37:04,072 [main] INFO  org.mule.config.spring.SpringXmlConfigurationBuilder - Configured Mule using "org.mule.config.spring.SpringXmlConfigurationBuilder" with configuration resource(s): "[ConfigResource{resourceName='C:\Users\M1042933\AnypointStudio\workspace\.mule\apps\soapimplimentation\soapimplimentation.xml'}]"
2018-01-04 16:37:04,072 [main] INFO  org.mule.config.builders.AutoConfigurationBuilder - Configured Mule using "org.mule.config.builders.AutoConfigurationBuilder" with configuration resource(s): "[ConfigResource{resourceName='C:\Users\M1042933\AnypointStudio\workspace\.mule\apps\soapimplimentation\soapimplimentation.xml'}]"
2018-01-04 16:37:07,123 [main] INFO  org.mule.module.launcher.application.DefaultMuleApplication - 
++++++++++++++++++++++++++++++++++++++++++++++++++++++++++++
+ Starting app 'soapimplimentation'                        +
++++++++++++++++++++++++++++++++++++++++++++++++++++++++++++
2018-01-04 16:37:07,134 [main] INFO  org.mule.util.queue.QueueXaResourceManager - Starting ResourceManager
2018-01-04 16:37:07,134 [main] INFO  org.mule.util.queue.QueueXaResourceManager - Started ResourceManager
2018-01-04 16:37:07,246 [main] INFO  org.mule.module.http.internal.listener.DefaultHttpListenerConfig - Listening for requests on http://0.0.0.0:8081
2018-01-04 16:37:07,254 [main] INFO  org.mule.modules.oauth2.provider.agents.DefaultSplashScreenAgent - 
++++++++++++++++++++++++++++++++++++++++++++++++++++++++++++++++++++++++++++++++
+ DevKit Extensions (0) used in this application 
                             +
++++++++++++++++++++++++++++++++++++++++++++++++++++++++++++++++++++++++++++++++
2018-01-04 16:37:07,256 [main] INFO  org.mule.lifecycle.AbstractLifecycleManager - Starting model: _muleSystemModel
2018-01-04 16:37:07,259 [main] INFO  org.mule.construct.FlowConstructLifecycleManager - Starting flow: soapimplimentationFlow
2018-01-04 16:37:07,261 [main] INFO  org.mule.processor.SedaStageLifecycleManager - Starting service: soapimplimentationFlow.stage1
2018-01-04 16:37:07,276 [main] INFO  org.mule.component.ComponentLifecycleManager - Starting component: component.356539350
2018-01-04 16:37:07,414 [main] INFO  org.mule.module.management.agent.WrapperManagerAgent - This JVM hasn't been launched by the wrapper, the agent will not run.
2018-01-04 16:37:07,455 [main] INFO  org.mule.DefaultMuleContext - 
**********************************************************************
* Application: soapimplimentation                                    *
* OS encoding: \, Mule encoding: UTF-8                               *
*                                                                    *
* Agents Running:                                                    *
*   Batch module default engine                                      *
*   JMX Agent                                                        *
*   DevKit Extension Information                                     *
*   Wrapper Manager                                                  *
**********************************************************************
2018-01-04 16:37:59,020 [[soapimplimentation].HTTP_Listener_Configuration.worker.01] INFO  org.mule.module.http.internal.listener.HttpListenerRegistry - No listener found for request: (POST)/ADD
2018-01-04 16:37:59,021 [[soapimplimentation].HTTP_Listener_Configuration.worker.01] INFO  org.mule.module.http.internal.listener.HttpListenerRegistry - Available listeners are: [([get])/ADD/]
2018-01-04 16:38:14,201 [[soapimplimentation].HTTP_Listener_Configuration.worker.01] INFO  org.mule.module.http.internal.listener.HttpListenerRegistry - No listener found for request: (POST)/ADD
2018-01-04 16:38:14,201 [[soapimplimentation].HTTP_Listener_Configuration.worker.01] INFO  org.mule.module.http.internal.listener.HttpListenerRegistry - Available listeners are: [([get])/ADD/]
2018-01-04 16:38:28,441 [[soapimplimentation].HTTP_Listener_Configuration.worker.01] INFO  org.mule.module.http.internal.listener.HttpListenerRegistry - No listener found for request: (POST)/ADD
2018-01-04 16:38:28,441 [[soapimplimentation].HTTP_Listener_Configuration.worker.01] INFO  org.mule.module.http.internal.listener.HttpListenerRegistry - Available listeners are: [([get])/ADD/]
2018-01-04 16:40:03,286 [[soapimplimentation].HTTP_Listener_Configuration.worker.01] INFO  org.mule.module.http.internal.listener.HttpListenerRegistry - No listener found for request: (POST)/ADD
2018-01-04 16:40:03,286 [[soapimplimentation].HTTP_Listener_Configuration.worker.01] INFO  org.mule.module.http.internal.listener.HttpListenerRegistry - Available listeners are: [([get])/ADD/]
2018-01-04 16:40:33,930 [[soapimplimentation].HTTP_Listener_Configuration.worker.01] INFO  org.mule.module.http.internal.listener.HttpListenerRegistry - No listener found for request: (POST)/ADD
2018-01-04 16:40:33,930 [[soapimplimentation].HTTP_Listener_Configuration.worker.01] INFO  org.mule.module.http.internal.listener.HttpListenerRegistry - Available listeners are: [([get])/ADD/]
2018-01-04 16:41:36,324 [[soapimplimentation].HTTP_Listener_Configuration.worker.01] INFO  org.mule.module.http.internal.listener.HttpListenerRegistry - No listener found for request: (POST)/ADD
2018-01-04 16:41:36,324 [[soapimplimentation].HTTP_Listener_Configuration.worker.01] INFO  org.mule.module.http.internal.listener.HttpListenerRegistry - Available listeners are: [([get])/ADD/]
2018-01-04 16:42:36,345 [[soapimplimentation].HTTP_Listener_Configuration.worker.01] INFO  org.mule.module.http.internal.listener.HttpListenerRegistry - No listener found for request: (POST)/ADD
2018-01-04 16:42:36,345 [[soapimplimentation].HTTP_Listener_Configuration.worker.01] INFO  org.mule.module.http.internal.listener.HttpListenerRegistry - Available listeners are: [([get])/ADD/]
2018-01-04 16:44:23,514 [[soapimplimentation].HTTP_Listener_Configuration.worker.01] INFO  org.mule.module.http.internal.listener.HttpListenerRegistry - No listener found for request: (POST)/ADD
2018-01-04 16:44:23,514 [[soapimplimentation].HTTP_Listener_Configuration.worker.01] INFO  org.mule.module.http.internal.listener.HttpListenerRegistry - Available listeners are: [([get])/ADD/]
2018-01-04 16:48:20,605 [[soapimplimentation].HTTP_Listener_Configuration.worker.02] INFO  org.mule.module.http.internal.listener.HttpListenerRegistry - No listener found for request: (GET)/hello
2018-01-04 16:48:20,605 [[soapimplimentation].HTTP_Listener_Configuration.worker.02] INFO  org.mule.module.http.internal.listener.HttpListenerRegistry - Available listeners are: [([get])/ADD/]
2018-01-04 16:49:03,657 [[soapimplimentation].HTTP_Listener_Configuration.worker.02] INFO  org.mule.module.http.internal.listener.HttpListenerRegistry - No listener found for request: (GET)/hello
2018-01-04 16:49:03,657 [[soapimplimentation].HTTP_Listener_Configuration.worker.02] INFO  org.mule.module.http.internal.listener.HttpListenerRegistry - Available listeners are: [([get])/ADD/]
2018-01-04 17:18:43,579 [main] INFO  org.mule.module.launcher.application.DefaultMuleApplication - 
++++++++++++++++++++++++++++++++++++++++++++++++++++++++++++
+ Initializing app 'soapimplimentation'                    +
++++++++++++++++++++++++++++++++++++++++++++++++++++++++++++
2018-01-04 17:18:43,589 [main] WARN  com.mulesoft.module.client.APIPlatformClientCoreExtension - Client ID or Client Secret were not provided. API Manager client is DISABLED for app soap
2018-01-04 17:18:43,596 [main] INFO  org.mule.lifecycle.AbstractLifecycleManager - Initialising RegistryBroker
2018-01-04 17:18:43,607 [main] INFO  org.mule.module.extension.internal.manager.DefaultExtensionManager - Starting discovery of extensions
2018-01-04 17:18:43,639 [main] INFO  org.mule.module.extension.internal.manager.DefaultExtensionManager - Discovered 1 extensions
2018-01-04 17:18:43,641 [main] INFO  org.mule.module.extension.internal.manager.DefaultExtensionManager - Registering extension validation (version 3.8)
2018-01-04 17:18:43,656 [main] INFO  org.mule.config.spring.MuleArtifactContext - Refreshing org.mule.config.spring.MuleArtifactContext@4342c13: startup date [Thu Jan 04 17:18:43 IST 2018]; root of context hierarchy
2018-01-04 17:18:44,555 [main] INFO  org.mule.config.spring.processors.NoDevkitInjectorProcessor - JSR-330 'javax.inject.Inject' annotation found and supported for autowiring
2018-01-04 17:18:44,880 [main] INFO  org.mule.util.journal.TransactionJournal - Using files for tx logs C:\Users\M1042933\AnypointStudio\workspace\.mule\.\.mule\soapimplimentation\queue-tx-log\tx1.log and C:\Users\M1042933\AnypointStudio\workspace\.mule\.\.mule\soapimplimentation\queue-tx-log\tx2.log
2018-01-04 17:18:44,887 [main] INFO  org.mule.util.journal.TransactionJournal - Using files for tx logs C:\Users\M1042933\AnypointStudio\workspace\.mule\.\.mule\soapimplimentation\queue-xa-tx-log\tx1.log and C:\Users\M1042933\AnypointStudio\workspace\.mule\.\.mule\soapimplimentation\queue-xa-tx-log\tx2.log
2018-01-04 17:18:44,911 [main] INFO  org.mule.lifecycle.AbstractLifecycleManager - Initialising model: _muleSystemModel
2018-01-04 17:18:44,915 [main] INFO  org.mule.construct.FlowConstructLifecycleManager - Initialising flow: soapimplimentationFlow
2018-01-04 17:18:44,917 [main] INFO  org.mule.exception.DefaultMessagingExceptionStrategy - Initialising exception listener: org.mule.exception.DefaultMessagingExceptionStrategy@5b48f0f4
2018-01-04 17:18:44,934 [main] INFO  org.mule.processor.SedaStageLifecycleManager - Initialising service: soapimplimentationFlow.stage1
2018-01-04 17:18:45,572 [main] INFO  org.mule.module.cxf.config.WebServiceFactoryBean - Built CXF Inbound MessageProcessor for service class com.main.AddInterface
2018-01-04 17:18:46,739 [main] INFO  org.mule.component.ComponentLifecycleManager - Initialising component: component.1500020749
2018-01-04 17:18:47,211 [main] INFO  org.mule.config.spring.SpringXmlConfigurationBuilder - Configured Mule using "org.mule.config.spring.SpringXmlConfigurationBuilder" with configuration resource(s): "[ConfigResource{resourceName='C:\Users\M1042933\AnypointStudio\workspace\.mule\apps\soapimplimentation\soapimplimentation.xml'}]"
2018-01-04 17:18:47,211 [main] INFO  org.mule.config.builders.AutoConfigurationBuilder - Configured Mule using "org.mule.config.builders.AutoConfigurationBuilder" with configuration resource(s): "[ConfigResource{resourceName='C:\Users\M1042933\AnypointStudio\workspace\.mule\apps\soapimplimentation\soapimplimentation.xml'}]"
2018-01-04 17:18:50,246 [main] INFO  org.mule.module.launcher.application.DefaultMuleApplication - 
++++++++++++++++++++++++++++++++++++++++++++++++++++++++++++
+ Starting app 'soapimplimentation'                        +
++++++++++++++++++++++++++++++++++++++++++++++++++++++++++++
2018-01-04 17:18:50,256 [main] INFO  org.mule.util.queue.QueueXaResourceManager - Starting ResourceManager
2018-01-04 17:18:50,256 [main] INFO  org.mule.util.queue.QueueXaResourceManager - Started ResourceManager
2018-01-04 17:18:50,473 [main] INFO  org.mule.module.http.internal.listener.DefaultHttpListenerConfig - Listening for requests on http://0.0.0.0:8081
2018-01-04 17:18:50,478 [main] INFO  org.mule.modules.oauth2.provider.agents.DefaultSplashScreenAgent - 
++++++++++++++++++++++++++++++++++++++++++++++++++++++++++++++++++++++++++++++++
+ DevKit Extensions (0) used in this application 
                             +
++++++++++++++++++++++++++++++++++++++++++++++++++++++++++++++++++++++++++++++++
2018-01-04 17:18:50,481 [main] INFO  org.mule.lifecycle.AbstractLifecycleManager - Starting model: _muleSystemModel
2018-01-04 17:18:50,484 [main] INFO  org.mule.construct.FlowConstructLifecycleManager - Starting flow: soapimplimentationFlow
2018-01-04 17:18:50,485 [main] INFO  org.mule.processor.SedaStageLifecycleManager - Starting service: soapimplimentationFlow.stage1
2018-01-04 17:18:50,496 [main] INFO  org.mule.component.ComponentLifecycleManager - Starting component: component.1500020749
2018-01-04 17:18:50,549 [main] INFO  org.mule.module.management.agent.WrapperManagerAgent - This JVM hasn't been launched by the wrapper, the agent will not run.
2018-01-04 17:18:50,587 [main] INFO  org.mule.DefaultMuleContext - 
**********************************************************************
* Application: soapimplimentation                                    *
* OS encoding: \, Mule encoding: UTF-8                               *
*                                                                    *
* Agents Running:                                                    *
*   Batch module default engine                                      *
*   JMX Agent                                                        *
*   DevKit Extension Information                                     *
*   Wrapper Manager                                                  *
**********************************************************************
