2018-01-04 17:23:23,805 [main] INFO  org.mule.module.launcher.application.DefaultMuleApplication - 
++++++++++++++++++++++++++++++++++++++++++++++++++++++++++++
+ Initializing app 'soap1'                                 +
++++++++++++++++++++++++++++++++++++++++++++++++++++++++++++
2018-01-04 17:23:24,171 [main] INFO  org.mule.lifecycle.AbstractLifecycleManager - Initialising RegistryBroker
2018-01-04 17:23:24,433 [main] INFO  org.mule.module.extension.internal.manager.DefaultExtensionManager - Starting discovery of extensions
2018-01-04 17:23:24,715 [main] INFO  org.mule.module.extension.internal.manager.DefaultExtensionManager - Discovered 1 extensions
2018-01-04 17:23:24,718 [main] INFO  org.mule.module.extension.internal.manager.DefaultExtensionManager - Registering extension validation (version 3.8)
2018-01-04 17:23:24,888 [main] INFO  org.mule.config.spring.MuleArtifactContext - Refreshing org.mule.config.spring.MuleArtifactContext@3d6300e8: startup date [Thu Jan 04 17:23:24 IST 2018]; root of context hierarchy
2018-01-04 17:23:27,894 [main] INFO  org.mule.config.spring.processors.NoDevkitInjectorProcessor - JSR-330 'javax.inject.Inject' annotation found and supported for autowiring
2018-01-04 17:23:29,537 [main] WARN  org.mule.module.ognl.expression.OgnlExpressionEvaluator - OGNL module is deprecated and will be removed in Mule 4.0. Use MEL expressions instead.
2018-01-04 17:23:30,752 [main] INFO  org.mule.util.journal.TransactionJournal - Using files for tx logs C:\Users\M1042933\AnypointStudio\workspace\.mule\.\.mule\soap1\queue-tx-log\tx1.log and C:\Users\M1042933\AnypointStudio\workspace\.mule\.\.mule\soap1\queue-tx-log\tx2.log
2018-01-04 17:23:30,801 [main] INFO  org.mule.util.journal.TransactionJournal - Using files for tx logs C:\Users\M1042933\AnypointStudio\workspace\.mule\.\.mule\soap1\queue-xa-tx-log\tx1.log and C:\Users\M1042933\AnypointStudio\workspace\.mule\.\.mule\soap1\queue-xa-tx-log\tx2.log
2018-01-04 17:23:31,043 [main] INFO  org.mule.lifecycle.AbstractLifecycleManager - Initialising model: _muleSystemModel
2018-01-04 17:23:31,053 [main] INFO  org.mule.construct.FlowConstructLifecycleManager - Initialising flow: soap1Flow
2018-01-04 17:23:31,054 [main] INFO  org.mule.exception.DefaultMessagingExceptionStrategy - Initialising exception listener: org.mule.exception.DefaultMessagingExceptionStrategy@1ddc6db2
2018-01-04 17:23:31,127 [main] INFO  org.mule.processor.SedaStageLifecycleManager - Initialising service: soap1Flow.stage1
2018-01-04 17:23:31,753 [main] INFO  org.mule.module.cxf.config.WebServiceFactoryBean - Built CXF Inbound MessageProcessor for service class com.main.inter
2018-01-04 17:23:32,964 [main] INFO  org.mule.component.ComponentLifecycleManager - Initialising component: component.356539350
2018-01-04 17:23:33,596 [main] INFO  org.mule.config.spring.SpringXmlConfigurationBuilder - Configured Mule using "org.mule.config.spring.SpringXmlConfigurationBuilder" with configuration resource(s): "[ConfigResource{resourceName='C:\Users\M1042933\AnypointStudio\workspace\.mule\apps\soap1\soap1.xml'}]"
2018-01-04 17:23:33,596 [main] INFO  org.mule.config.builders.AutoConfigurationBuilder - Configured Mule using "org.mule.config.builders.AutoConfigurationBuilder" with configuration resource(s): "[ConfigResource{resourceName='C:\Users\M1042933\AnypointStudio\workspace\.mule\apps\soap1\soap1.xml'}]"
2018-01-04 17:23:36,644 [main] INFO  org.mule.module.launcher.application.DefaultMuleApplication - 
++++++++++++++++++++++++++++++++++++++++++++++++++++++++++++
+ Starting app 'soap1'                                     +
++++++++++++++++++++++++++++++++++++++++++++++++++++++++++++
2018-01-04 17:23:36,654 [main] INFO  org.mule.util.queue.QueueXaResourceManager - Starting ResourceManager
2018-01-04 17:23:36,654 [main] INFO  org.mule.util.queue.QueueXaResourceManager - Started ResourceManager
2018-01-04 17:23:36,790 [main] INFO  org.mule.module.http.internal.listener.DefaultHttpListenerConfig - Listening for requests on http://0.0.0.0:8081
2018-01-04 17:23:36,798 [main] INFO  org.mule.modules.oauth2.provider.agents.DefaultSplashScreenAgent - 
++++++++++++++++++++++++++++++++++++++++++++++++++++++++++++++++++++++++++++++++
+ DevKit Extensions (0) used in this application 
                             +
++++++++++++++++++++++++++++++++++++++++++++++++++++++++++++++++++++++++++++++++
2018-01-04 17:23:36,800 [main] INFO  org.mule.lifecycle.AbstractLifecycleManager - Starting model: _muleSystemModel
2018-01-04 17:23:36,803 [main] INFO  org.mule.construct.FlowConstructLifecycleManager - Starting flow: soap1Flow
2018-01-04 17:23:36,805 [main] INFO  org.mule.processor.SedaStageLifecycleManager - Starting service: soap1Flow.stage1
2018-01-04 17:23:36,817 [main] INFO  org.mule.component.ComponentLifecycleManager - Starting component: component.356539350
2018-01-04 17:23:36,932 [main] INFO  org.mule.module.management.agent.WrapperManagerAgent - This JVM hasn't been launched by the wrapper, the agent will not run.
2018-01-04 17:23:36,982 [main] INFO  org.mule.DefaultMuleContext - 
**********************************************************************
* Application: soap1                                                 *
* OS encoding: \, Mule encoding: UTF-8                               *
*                                                                    *
* Agents Running:                                                    *
*   Batch module default engine                                      *
*   JMX Agent                                                        *
*   DevKit Extension Information                                     *
*   Wrapper Manager                                                  *
**********************************************************************
2018-01-04 17:23:54,952 [[soap1].HTTP_Listener_Configuration.worker.01] INFO  org.mule.module.http.internal.listener.HttpListenerRegistry - No listener found for request: (GET)/ADD
2018-01-04 17:23:54,952 [[soap1].HTTP_Listener_Configuration.worker.01] INFO  org.mule.module.http.internal.listener.HttpListenerRegistry - Available listeners are: [(*)/add/]
2018-01-04 17:24:03,883 [[soap1].HTTP_Listener_Configuration.worker.01] INFO  org.mule.module.http.internal.listener.HttpListenerRegistry - No listener found for request: (GET)/ADD
2018-01-04 17:24:03,883 [[soap1].HTTP_Listener_Configuration.worker.01] INFO  org.mule.module.http.internal.listener.HttpListenerRegistry - Available listeners are: [(*)/add/]
2018-01-04 17:28:13,559 [main] INFO  org.mule.module.launcher.application.DefaultMuleApplication - 
++++++++++++++++++++++++++++++++++++++++++++++++++++++++++++
+ Initializing app 'soap1'                                 +
++++++++++++++++++++++++++++++++++++++++++++++++++++++++++++
2018-01-04 17:28:13,567 [main] WARN  com.mulesoft.module.client.APIPlatformClientCoreExtension - Client ID or Client Secret were not provided. API Manager client is DISABLED for app consumesoap
2018-01-04 17:28:13,572 [main] INFO  org.mule.lifecycle.AbstractLifecycleManager - Initialising RegistryBroker
2018-01-04 17:28:13,580 [main] INFO  org.mule.module.extension.internal.manager.DefaultExtensionManager - Starting discovery of extensions
2018-01-04 17:28:13,613 [main] INFO  org.mule.module.extension.internal.manager.DefaultExtensionManager - Discovered 1 extensions
2018-01-04 17:28:13,613 [main] INFO  org.mule.module.extension.internal.manager.DefaultExtensionManager - Registering extension validation (version 3.8)
2018-01-04 17:28:13,625 [main] INFO  org.mule.config.spring.MuleArtifactContext - Refreshing org.mule.config.spring.MuleArtifactContext@53cddaf8: startup date [Thu Jan 04 17:28:13 IST 2018]; root of context hierarchy
2018-01-04 17:28:14,430 [main] INFO  org.mule.config.spring.processors.NoDevkitInjectorProcessor - JSR-330 'javax.inject.Inject' annotation found and supported for autowiring
2018-01-04 17:28:14,718 [main] INFO  org.mule.util.journal.TransactionJournal - Using files for tx logs C:\Users\M1042933\AnypointStudio\workspace\.mule\.\.mule\soap1\queue-tx-log\tx1.log and C:\Users\M1042933\AnypointStudio\workspace\.mule\.\.mule\soap1\queue-tx-log\tx2.log
2018-01-04 17:28:14,724 [main] INFO  org.mule.util.journal.TransactionJournal - Using files for tx logs C:\Users\M1042933\AnypointStudio\workspace\.mule\.\.mule\soap1\queue-xa-tx-log\tx1.log and C:\Users\M1042933\AnypointStudio\workspace\.mule\.\.mule\soap1\queue-xa-tx-log\tx2.log
2018-01-04 17:28:14,739 [main] INFO  org.mule.lifecycle.AbstractLifecycleManager - Initialising model: _muleSystemModel
2018-01-04 17:28:14,742 [main] INFO  org.mule.construct.FlowConstructLifecycleManager - Initialising flow: soap1Flow
2018-01-04 17:28:14,742 [main] INFO  org.mule.exception.DefaultMessagingExceptionStrategy - Initialising exception listener: org.mule.exception.DefaultMessagingExceptionStrategy@915d7c4
2018-01-04 17:28:14,752 [main] INFO  org.mule.processor.SedaStageLifecycleManager - Initialising service: soap1Flow.stage1
2018-01-04 17:28:14,795 [main] INFO  org.mule.module.cxf.config.WebServiceFactoryBean - Built CXF Inbound MessageProcessor for service class com.main.inter
2018-01-04 17:28:15,591 [main] INFO  org.mule.component.ComponentLifecycleManager - Initialising component: component.1360209172
2018-01-04 17:28:15,655 [main] INFO  org.mule.config.spring.SpringXmlConfigurationBuilder - Configured Mule using "org.mule.config.spring.SpringXmlConfigurationBuilder" with configuration resource(s): "[ConfigResource{resourceName='C:\Users\M1042933\AnypointStudio\workspace\.mule\apps\soap1\soap1.xml'}]"
2018-01-04 17:28:15,655 [main] INFO  org.mule.config.builders.AutoConfigurationBuilder - Configured Mule using "org.mule.config.builders.AutoConfigurationBuilder" with configuration resource(s): "[ConfigResource{resourceName='C:\Users\M1042933\AnypointStudio\workspace\.mule\apps\soap1\soap1.xml'}]"
2018-01-04 17:28:18,663 [main] INFO  org.mule.module.launcher.application.DefaultMuleApplication - 
++++++++++++++++++++++++++++++++++++++++++++++++++++++++++++
+ Starting app 'soap1'                                     +
++++++++++++++++++++++++++++++++++++++++++++++++++++++++++++
2018-01-04 17:28:18,673 [main] INFO  org.mule.util.queue.QueueXaResourceManager - Starting ResourceManager
2018-01-04 17:28:18,673 [main] INFO  org.mule.util.queue.QueueXaResourceManager - Started ResourceManager
2018-01-04 17:28:18,729 [main] INFO  org.mule.module.http.internal.listener.DefaultHttpListenerConfig - Listening for requests on http://0.0.0.0:8081
2018-01-04 17:28:18,736 [main] INFO  org.mule.modules.oauth2.provider.agents.DefaultSplashScreenAgent - 
++++++++++++++++++++++++++++++++++++++++++++++++++++++++++++++++++++++++++++++++
+ DevKit Extensions (0) used in this application 
                             +
++++++++++++++++++++++++++++++++++++++++++++++++++++++++++++++++++++++++++++++++
2018-01-04 17:28:18,738 [main] INFO  org.mule.lifecycle.AbstractLifecycleManager - Starting model: _muleSystemModel
2018-01-04 17:28:18,741 [main] INFO  org.mule.construct.FlowConstructLifecycleManager - Starting flow: soap1Flow
2018-01-04 17:28:18,741 [main] INFO  org.mule.processor.SedaStageLifecycleManager - Starting service: soap1Flow.stage1
2018-01-04 17:28:18,751 [main] INFO  org.mule.component.ComponentLifecycleManager - Starting component: component.1360209172
2018-01-04 17:28:18,781 [main] INFO  org.mule.module.management.agent.WrapperManagerAgent - This JVM hasn't been launched by the wrapper, the agent will not run.
2018-01-04 17:28:18,787 [main] INFO  org.mule.DefaultMuleContext - 
**********************************************************************
* Application: soap1                                                 *
* OS encoding: \, Mule encoding: UTF-8                               *
*                                                                    *
* Agents Running:                                                    *
*   Batch module default engine                                      *
*   JMX Agent                                                        *
*   DevKit Extension Information                                     *
*   Wrapper Manager                                                  *
**********************************************************************
2018-01-05 12:41:49,031 [main] INFO  org.mule.module.launcher.application.DefaultMuleApplication - 
++++++++++++++++++++++++++++++++++++++++++++++++++++++++++++
+ Initializing app 'soap1'                                 +
++++++++++++++++++++++++++++++++++++++++++++++++++++++++++++
2018-01-05 12:41:49,040 [main] WARN  com.mulesoft.module.client.APIPlatformClientCoreExtension - Client ID or Client Secret were not provided. API Manager client is DISABLED for app consumesoap
2018-01-05 12:41:49,045 [main] INFO  org.mule.lifecycle.AbstractLifecycleManager - Initialising RegistryBroker
2018-01-05 12:41:49,056 [main] INFO  org.mule.module.extension.internal.manager.DefaultExtensionManager - Starting discovery of extensions
2018-01-05 12:41:49,093 [main] INFO  org.mule.module.extension.internal.manager.DefaultExtensionManager - Discovered 1 extensions
2018-01-05 12:41:49,093 [main] INFO  org.mule.module.extension.internal.manager.DefaultExtensionManager - Registering extension validation (version 3.8)
2018-01-05 12:41:49,106 [main] INFO  org.mule.config.spring.MuleArtifactContext - Refreshing org.mule.config.spring.MuleArtifactContext@7c901203: startup date [Fri Jan 05 12:41:49 IST 2018]; root of context hierarchy
2018-01-05 12:41:49,865 [main] INFO  org.mule.config.spring.processors.NoDevkitInjectorProcessor - JSR-330 'javax.inject.Inject' annotation found and supported for autowiring
2018-01-05 12:41:50,186 [main] INFO  org.mule.util.journal.TransactionJournal - Using files for tx logs C:\Users\M1042933\AnypointStudio\workspace\.mule\.\.mule\soap1\queue-tx-log\tx1.log and C:\Users\M1042933\AnypointStudio\workspace\.mule\.\.mule\soap1\queue-tx-log\tx2.log
2018-01-05 12:41:50,191 [main] INFO  org.mule.util.journal.TransactionJournal - Using files for tx logs C:\Users\M1042933\AnypointStudio\workspace\.mule\.\.mule\soap1\queue-xa-tx-log\tx1.log and C:\Users\M1042933\AnypointStudio\workspace\.mule\.\.mule\soap1\queue-xa-tx-log\tx2.log
2018-01-05 12:41:50,211 [main] INFO  org.mule.lifecycle.AbstractLifecycleManager - Initialising model: _muleSystemModel
2018-01-05 12:41:50,213 [main] INFO  org.mule.construct.FlowConstructLifecycleManager - Initialising flow: soap1Flow
2018-01-05 12:41:50,213 [main] INFO  org.mule.exception.DefaultMessagingExceptionStrategy - Initialising exception listener: org.mule.exception.DefaultMessagingExceptionStrategy@915d7c4
2018-01-05 12:41:50,224 [main] INFO  org.mule.processor.SedaStageLifecycleManager - Initialising service: soap1Flow.stage1
2018-01-05 12:41:50,301 [main] INFO  org.mule.module.cxf.config.WebServiceFactoryBean - Built CXF Inbound MessageProcessor for service class com.main.inter
2018-01-05 12:41:51,118 [main] INFO  org.mule.component.ComponentLifecycleManager - Initialising component: component.727868092
2018-01-05 12:41:51,210 [main] INFO  org.mule.config.spring.SpringXmlConfigurationBuilder - Configured Mule using "org.mule.config.spring.SpringXmlConfigurationBuilder" with configuration resource(s): "[ConfigResource{resourceName='C:\Users\M1042933\AnypointStudio\workspace\.mule\apps\soap1\soap1.xml'}]"
2018-01-05 12:41:51,214 [main] INFO  org.mule.config.builders.AutoConfigurationBuilder - Configured Mule using "org.mule.config.builders.AutoConfigurationBuilder" with configuration resource(s): "[ConfigResource{resourceName='C:\Users\M1042933\AnypointStudio\workspace\.mule\apps\soap1\soap1.xml'}]"
2018-01-05 12:41:54,226 [main] INFO  org.mule.module.launcher.application.DefaultMuleApplication - 
++++++++++++++++++++++++++++++++++++++++++++++++++++++++++++
+ Starting app 'soap1'                                     +
++++++++++++++++++++++++++++++++++++++++++++++++++++++++++++
2018-01-05 12:41:54,237 [main] INFO  org.mule.util.queue.QueueXaResourceManager - Starting ResourceManager
2018-01-05 12:41:54,237 [main] INFO  org.mule.util.queue.QueueXaResourceManager - Started ResourceManager
2018-01-05 12:41:54,308 [main] INFO  org.mule.module.http.internal.listener.DefaultHttpListenerConfig - Listening for requests on http://0.0.0.0:8081
2018-01-05 12:41:54,318 [main] INFO  org.mule.modules.oauth2.provider.agents.DefaultSplashScreenAgent - 
++++++++++++++++++++++++++++++++++++++++++++++++++++++++++++++++++++++++++++++++
+ DevKit Extensions (0) used in this application 
                             +
++++++++++++++++++++++++++++++++++++++++++++++++++++++++++++++++++++++++++++++++
2018-01-05 12:41:54,320 [main] INFO  org.mule.lifecycle.AbstractLifecycleManager - Starting model: _muleSystemModel
2018-01-05 12:41:54,323 [main] INFO  org.mule.construct.FlowConstructLifecycleManager - Starting flow: soap1Flow
2018-01-05 12:41:54,323 [main] INFO  org.mule.processor.SedaStageLifecycleManager - Starting service: soap1Flow.stage1
2018-01-05 12:41:54,331 [main] INFO  org.mule.component.ComponentLifecycleManager - Starting component: component.727868092
2018-01-05 12:41:54,355 [main] INFO  org.mule.module.management.agent.WrapperManagerAgent - This JVM hasn't been launched by the wrapper, the agent will not run.
2018-01-05 12:41:54,362 [main] INFO  org.mule.DefaultMuleContext - 
**********************************************************************
* Application: soap1                                                 *
* OS encoding: \, Mule encoding: UTF-8                               *
*                                                                    *
* Agents Running:                                                    *
*   Batch module default engine                                      *
*   JMX Agent                                                        *
*   DevKit Extension Information                                     *
*   Wrapper Manager                                                  *
**********************************************************************
